2025-10-04 11:18:38,410 - net_manager - INFO - 成功获取主机名: Jungle-Desktop
2025-10-04 11:18:38,411 - net_manager - INFO - 成功获取IP地址: 192.168.31.249
2025-10-04 11:18:38,411 - net_manager - INFO - 成功获取MAC地址: 65:96:58:60:82:0b
2025-10-04 11:18:38,413 - net_manager - INFO - 成功获取服务信息，共 159 个服务
2025-10-04 11:18:42,828 - net_manager - INFO - Net Manager 启动...
2025-10-04 11:18:42,829 - net_manager - INFO - 数据库初始化成功
2025-10-04 11:18:42,830 - net_manager - INFO - UDP发送器初始化完成，目标地址: 127.0.0.1:12306
2025-10-04 11:18:42,830 - net_manager - INFO - 开始收集系统信息...
2025-10-04 11:18:42,830 - net_manager - INFO - 成功获取主机名: Jungle-Desktop
2025-10-04 11:18:42,830 - net_manager - INFO - 成功获取IP地址: 192.168.31.249
2025-10-04 11:18:42,830 - net_manager - INFO - 成功获取MAC地址: 65:96:58:60:82:0b
2025-10-04 11:18:42,832 - net_manager - INFO - 成功获取服务信息，共 161 个服务
2025-10-04 11:18:42,839 - net_manager - INFO - 系统信息保存成功
2025-10-04 11:18:42,839 - net_manager - INFO - 系统信息已保存到数据库
2025-10-04 11:18:42,840 - net_manager - INFO - 数据已发送到 127.0.0.1:12306
2025-10-04 11:18:42,840 - net_manager - INFO - 等待 60 秒后进行下次收集...
2025-10-04 11:20:04,342 - net_manager - INFO - 成功获取主机名: Jungle-Desktop
2025-10-04 11:20:04,343 - net_manager - INFO - 成功获取IP地址: 192.168.31.249
2025-10-04 11:20:04,343 - net_manager - INFO - 成功获取MAC地址: 65:96:58:60:82:0b
2025-10-04 11:20:04,345 - net_manager - INFO - 成功获取服务信息，共 161 个服务
2025-10-04 11:20:04,346 - net_manager - INFO - 成功获取主机名: Jungle-Desktop
2025-10-04 11:20:04,346 - net_manager - INFO - 成功获取IP地址: 192.168.31.249
2025-10-04 11:20:04,346 - net_manager - INFO - 成功获取MAC地址: 65:96:58:60:82:0b
2025-10-04 11:20:04,348 - net_manager - INFO - 成功获取服务信息，共 161 个服务
2025-10-04 11:20:35,269 - net_manager - INFO - 成功获取主机名: Jungle-Desktop
2025-10-04 11:20:35,270 - net_manager - INFO - 成功获取IP地址: 192.168.31.249
2025-10-04 11:20:35,270 - net_manager - INFO - 成功获取MAC地址: 65:96:58:60:82:0b
2025-10-04 11:20:35,272 - net_manager - INFO - 成功获取服务信息，共 167 个服务
2025-10-04 11:20:35,272 - net_manager - INFO - 成功获取主机名: Jungle-Desktop
2025-10-04 11:20:35,273 - net_manager - INFO - 成功获取IP地址: 192.168.31.249
2025-10-04 11:20:35,273 - net_manager - INFO - 成功获取MAC地址: 65:96:58:60:82:0b
2025-10-04 11:20:35,274 - net_manager - INFO - 成功获取服务信息，共 167 个服务
2025-10-04 11:21:33,894 - net_manager - INFO - Net Manager 启动...
2025-10-04 11:21:33,894 - net_manager - INFO - 数据库初始化成功
2025-10-04 11:21:33,895 - net_manager - INFO - UDP发送器初始化完成，目标地址: 127.0.0.1:12306
2025-10-04 11:21:33,895 - net_manager - INFO - 开始收集系统信息...
2025-10-04 11:21:33,895 - net_manager - INFO - 成功获取主机名: Jungle-Desktop
2025-10-04 11:21:33,895 - net_manager - INFO - 成功获取IP地址: 192.168.31.249
2025-10-04 11:21:33,895 - net_manager - INFO - 成功获取MAC地址: 65:96:58:60:82:0b
2025-10-04 11:21:33,897 - net_manager - INFO - 成功获取服务信息，共 155 个服务
2025-10-04 11:21:33,904 - net_manager - INFO - 系统信息保存成功
2025-10-04 11:21:33,904 - net_manager - INFO - 系统信息已保存到数据库
2025-10-04 11:21:33,904 - net_manager - INFO - 数据已发送到 127.0.0.1:12306
2025-10-04 11:21:33,904 - net_manager - INFO - 等待 60 秒后进行下次收集...
2025-10-04 11:22:33,905 - net_manager - INFO - 开始收集系统信息...
2025-10-04 11:22:33,905 - net_manager - INFO - 成功获取主机名: Jungle-Desktop
2025-10-04 11:22:33,905 - net_manager - INFO - 成功获取IP地址: 192.168.31.249
2025-10-04 11:22:33,905 - net_manager - INFO - 成功获取MAC地址: 65:96:58:60:82:0b
2025-10-04 11:22:33,907 - net_manager - INFO - 成功获取服务信息，共 160 个服务
2025-10-04 11:22:33,914 - net_manager - INFO - 系统信息保存成功
2025-10-04 11:22:33,914 - net_manager - INFO - 系统信息已保存到数据库
2025-10-04 11:22:33,915 - net_manager - INFO - 数据已发送到 127.0.0.1:12306
2025-10-04 11:22:33,915 - net_manager - INFO - 等待 60 秒后进行下次收集...
2025-10-04 11:23:33,915 - net_manager - INFO - 开始收集系统信息...
2025-10-04 11:23:33,916 - net_manager - INFO - 成功获取主机名: Jungle-Desktop
2025-10-04 11:23:33,916 - net_manager - INFO - 成功获取IP地址: 192.168.31.249
2025-10-04 11:23:33,916 - net_manager - INFO - 成功获取MAC地址: 65:96:58:60:82:0b
2025-10-04 11:23:33,918 - net_manager - INFO - 成功获取服务信息，共 158 个服务
2025-10-04 11:23:33,925 - net_manager - INFO - 系统信息保存成功
2025-10-04 11:23:33,925 - net_manager - INFO - 系统信息已保存到数据库
2025-10-04 11:23:33,925 - net_manager - INFO - 数据已发送到 127.0.0.1:12306
2025-10-04 11:23:33,925 - net_manager - INFO - 等待 60 秒后进行下次收集...
2025-10-04 11:24:52,955 - net_manager - INFO - 成功获取主机名: Jungle-Desktop
2025-10-04 11:24:52,956 - net_manager - INFO - 成功获取IP地址: 192.168.31.249
2025-10-04 11:24:52,956 - net_manager - INFO - 成功获取MAC地址: 65:96:58:60:82:0b
2025-10-04 11:24:52,958 - net_manager - INFO - 成功获取服务信息，共 161 个服务
2025-10-04 11:24:52,958 - net_manager - INFO - 成功获取主机名: Jungle-Desktop
2025-10-04 11:24:52,959 - net_manager - INFO - 成功获取IP地址: 192.168.31.249
2025-10-04 11:24:52,959 - net_manager - INFO - 成功获取MAC地址: 65:96:58:60:82:0b
2025-10-04 11:24:52,960 - net_manager - INFO - 成功获取服务信息，共 161 个服务
2025-10-04 11:25:32,585 - net_manager - INFO - Net Manager 启动...
2025-10-04 11:25:32,596 - net_manager - INFO - 数据库初始化成功
2025-10-04 11:25:32,597 - net_manager - INFO - UDP发送器初始化完成，目标地址: 127.0.0.1:12306
2025-10-04 11:25:32,597 - net_manager - INFO - 开始收集系统信息...
2025-10-04 11:25:32,597 - net_manager - INFO - 成功获取主机名: Jungle-Desktop
2025-10-04 11:25:32,597 - net_manager - INFO - 成功获取IP地址: 192.168.31.249
2025-10-04 11:25:32,597 - net_manager - INFO - 成功获取MAC地址: 65:96:58:60:82:0b
2025-10-04 11:25:32,599 - net_manager - INFO - 成功获取服务信息，共 159 个服务
2025-10-04 11:25:32,606 - net_manager - INFO - 系统信息保存成功
2025-10-04 11:25:32,606 - net_manager - INFO - 系统信息已保存到数据库
2025-10-04 11:25:32,607 - net_manager - INFO - 数据已发送到 127.0.0.1:12306
2025-10-04 11:25:32,607 - net_manager - INFO - 等待 60 秒后进行下次收集...
2025-10-04 11:53:08,999 - net_manager - INFO - Net Manager 启动...
2025-10-04 11:53:09,524 - net_manager - INFO - 数据库初始化成功
2025-10-04 11:53:09,524 - net_manager - INFO - UDP发送器初始化完成，目标地址: 127.0.0.1:12306
2025-10-04 11:53:09,525 - net_manager - INFO - 开始收集系统信息...
2025-10-04 11:53:09,525 - net_manager - INFO - 成功获取主机名: Jungle-Desktop
2025-10-04 11:53:09,525 - net_manager - INFO - 成功获取IP地址: 192.168.31.249
2025-10-04 11:53:09,525 - net_manager - INFO - 成功获取MAC地址: 65:96:58:60:82:0b
2025-10-04 11:53:09,527 - net_manager - INFO - 成功获取服务信息，共 154 个服务
2025-10-04 11:53:09,535 - net_manager - INFO - 系统信息保存成功
2025-10-04 11:53:09,535 - net_manager - INFO - 系统信息已保存到数据库
2025-10-04 11:53:09,535 - net_manager - INFO - 数据已发送到 127.0.0.1:12306
2025-10-04 11:53:09,535 - net_manager - INFO - 等待 60 秒后进行下次收集...
2025-10-04 11:53:19,407 - net_manager - INFO - 接收到终止信号，正在关闭程序...
2025-10-04 11:53:19,407 - net_manager - INFO - UDP套接字已关闭
2025-10-04 11:53:19,408 - net_manager - INFO - 程序已退出
2025-10-04 11:53:55,686 - net_manager - INFO - 成功获取主机名: Jungle-Desktop
2025-10-04 11:53:55,687 - net_manager - INFO - 成功获取IP地址: 192.168.31.249
2025-10-04 11:53:55,687 - net_manager - INFO - 成功获取MAC地址: 65:96:58:60:82:0b
2025-10-04 11:53:55,689 - net_manager - INFO - 成功获取服务信息，共 151 个服务
2025-10-04 11:53:55,689 - net_manager - INFO - 成功获取主机名: Jungle-Desktop
2025-10-04 11:53:55,689 - net_manager - INFO - 成功获取IP地址: 192.168.31.249
2025-10-04 11:53:55,689 - net_manager - INFO - 成功获取MAC地址: 65:96:58:60:82:0b
2025-10-04 11:53:55,691 - net_manager - INFO - 成功获取服务信息，共 151 个服务
2025-10-04 11:54:02,249 - net_manager - INFO - Net Manager 启动...
2025-10-04 11:54:02,261 - net_manager - INFO - 数据库初始化成功
2025-10-04 11:54:02,261 - net_manager - INFO - UDP发送器初始化完成，目标地址: 127.0.0.1:12306
2025-10-04 11:54:02,261 - net_manager - INFO - 开始收集系统信息...
2025-10-04 11:54:02,262 - net_manager - INFO - 成功获取主机名: Jungle-Desktop
2025-10-04 11:54:02,262 - net_manager - INFO - 成功获取IP地址: 192.168.31.249
2025-10-04 11:54:02,262 - net_manager - INFO - 成功获取MAC地址: 65:96:58:60:82:0b
2025-10-04 11:54:02,264 - net_manager - INFO - 成功获取服务信息，共 153 个服务
2025-10-04 11:54:02,271 - net_manager - INFO - 系统信息保存成功
2025-10-04 11:54:02,271 - net_manager - INFO - 系统信息已保存到数据库
2025-10-04 11:54:02,271 - net_manager - INFO - 数据已发送到 127.0.0.1:12306
2025-10-04 11:54:02,271 - net_manager - INFO - 等待 60 秒后进行下次收集...
2025-10-04 17:18:01,826 - net_manager - INFO - Net Manager 启动...
2025-10-04 17:18:01,827 - net_manager - INFO - 数据库初始化成功
2025-10-04 17:18:01,827 - net_manager - INFO - UDP发送器初始化完成，目标地址: 127.0.0.1:12306
2025-10-04 17:18:01,828 - net_manager - INFO - 开始收集系统信息...
2025-10-04 17:18:01,828 - net_manager - INFO - 成功获取主机名: Jungle-Desktop
2025-10-04 17:18:01,828 - net_manager - INFO - 成功获取IP地址: 192.168.31.249
2025-10-04 17:18:01,828 - net_manager - INFO - 成功获取MAC地址: 65:96:58:60:82:0b
2025-10-04 17:18:01,829 - net_manager - INFO - 成功获取服务信息，共 150 个服务
2025-10-04 17:18:01,837 - net_manager - INFO - 系统信息保存成功
2025-10-04 17:18:01,837 - net_manager - INFO - 系统信息已保存到数据库
2025-10-04 17:18:01,837 - net_manager - INFO - 数据已发送到 127.0.0.1:12306
2025-10-04 17:18:01,837 - net_manager - INFO - 等待 60 秒后进行下次收集...
2025-10-04 17:18:33,761 - net_manager - INFO - Net Manager 启动...
2025-10-04 17:18:33,762 - net_manager - INFO - 数据库初始化成功
2025-10-04 17:18:33,762 - net_manager - INFO - UDP发送器初始化完成，目标地址: 127.0.0.1:12306
2025-10-04 17:18:33,762 - net_manager - INFO - 开始收集系统信息...
2025-10-04 17:18:33,762 - net_manager - INFO - 成功获取主机名: Jungle-Desktop
2025-10-04 17:18:33,763 - net_manager - INFO - 成功获取IP地址: 192.168.31.249
2025-10-04 17:18:33,763 - net_manager - INFO - 成功获取MAC地址: 65:96:58:60:82:0b
2025-10-04 17:18:33,764 - net_manager - INFO - 成功获取服务信息，共 151 个服务
2025-10-04 17:18:33,772 - net_manager - INFO - 系统信息保存成功
2025-10-04 17:18:33,772 - net_manager - INFO - 系统信息已保存到数据库
2025-10-04 17:18:33,772 - net_manager - INFO - 数据已发送到 127.0.0.1:12306
2025-10-04 17:18:33,772 - net_manager - INFO - 等待 60 秒后进行下次收集...
2025-10-04 17:20:21,930 - net_manager - INFO - Net Manager 启动...
2025-10-04 17:20:21,931 - net_manager - INFO - 数据库初始化成功
2025-10-04 17:20:21,932 - net_manager - INFO - UDP发送器初始化完成，目标地址: 127.0.0.1:12306
2025-10-04 17:20:21,932 - net_manager - INFO - 开始收集系统信息...
2025-10-04 17:20:21,932 - net_manager - INFO - 成功获取主机名: Jungle-Desktop
2025-10-04 17:20:21,932 - net_manager - INFO - 成功获取IP地址: 192.168.31.249
2025-10-04 17:20:21,932 - net_manager - INFO - 成功获取MAC地址: 65:96:58:60:82:0b
2025-10-04 17:20:21,934 - net_manager - INFO - 成功获取服务信息，共 151 个服务
2025-10-04 17:20:21,970 - net_manager - INFO - 系统信息保存成功
2025-10-04 17:20:21,970 - net_manager - INFO - 系统信息已保存到数据库
2025-10-04 17:20:21,970 - net_manager - INFO - 数据已发送到 127.0.0.1:12306
2025-10-04 17:20:21,971 - net_manager - INFO - 等待 60 秒后进行下次收集...
2025-10-04 17:21:21,971 - net_manager - INFO - 开始收集系统信息...
2025-10-04 17:21:21,971 - net_manager - INFO - 成功获取主机名: Jungle-Desktop
2025-10-04 17:21:21,971 - net_manager - INFO - 成功获取IP地址: 192.168.31.249
2025-10-04 17:21:21,971 - net_manager - INFO - 成功获取MAC地址: 65:96:58:60:82:0b
2025-10-04 17:21:21,973 - net_manager - INFO - 成功获取服务信息，共 147 个服务
2025-10-04 17:21:21,995 - net_manager - INFO - 系统信息保存成功
2025-10-04 17:21:21,995 - net_manager - INFO - 系统信息已保存到数据库
2025-10-04 17:21:21,995 - net_manager - INFO - 数据已发送到 127.0.0.1:12306
2025-10-04 17:21:21,995 - net_manager - INFO - 等待 60 秒后进行下次收集...
2025-10-04 17:22:21,996 - net_manager - INFO - 开始收集系统信息...
2025-10-04 17:22:21,996 - net_manager - INFO - 成功获取主机名: Jungle-Desktop
2025-10-04 17:22:21,996 - net_manager - INFO - 成功获取IP地址: 192.168.31.249
2025-10-04 17:22:21,996 - net_manager - INFO - 成功获取MAC地址: 65:96:58:60:82:0b
2025-10-04 17:22:21,998 - net_manager - INFO - 成功获取服务信息，共 149 个服务
2025-10-04 17:22:22,007 - net_manager - INFO - 系统信息保存成功
2025-10-04 17:22:22,007 - net_manager - INFO - 系统信息已保存到数据库
2025-10-04 17:22:22,007 - net_manager - INFO - 数据已发送到 127.0.0.1:12306
2025-10-04 17:22:22,007 - net_manager - INFO - 等待 60 秒后进行下次收集...
2025-10-04 17:23:22,008 - net_manager - INFO - 开始收集系统信息...
2025-10-04 17:23:22,008 - net_manager - INFO - 成功获取主机名: Jungle-Desktop
2025-10-04 17:23:22,008 - net_manager - INFO - 成功获取IP地址: 192.168.31.249
2025-10-04 17:23:22,008 - net_manager - INFO - 成功获取MAC地址: 65:96:58:60:82:0b
2025-10-04 17:23:22,010 - net_manager - INFO - 成功获取服务信息，共 151 个服务
2025-10-04 17:23:22,017 - net_manager - INFO - 系统信息保存成功
2025-10-04 17:23:22,017 - net_manager - INFO - 系统信息已保存到数据库
2025-10-04 17:23:22,017 - net_manager - INFO - 数据已发送到 127.0.0.1:12306
2025-10-04 17:23:22,018 - net_manager - INFO - 等待 60 秒后进行下次收集...
2025-10-04 17:26:14,134 - net_manager - INFO - Net Manager 启动...
2025-10-04 17:26:14,135 - net_manager - INFO - 数据库初始化成功
2025-10-04 17:26:14,136 - net_manager - WARNING - UDP发送器初始化完成，但目标地址未设置。请在运行前设置UDP_HOST环境变量或修改config.py文件。目标端口: 12306
2025-10-04 17:26:14,136 - net_manager - INFO - 开始收集系统信息...
2025-10-04 17:26:14,136 - net_manager - INFO - 成功获取主机名: Jungle-Desktop
2025-10-04 17:26:14,137 - net_manager - INFO - 成功获取IP地址: 192.168.31.249
2025-10-04 17:26:14,137 - net_manager - INFO - 成功获取MAC地址: 65:96:58:60:82:0b
2025-10-04 17:26:14,138 - net_manager - INFO - 成功获取服务信息，共 150 个服务
2025-10-04 17:26:14,145 - net_manager - INFO - 系统信息保存成功
2025-10-04 17:26:14,145 - net_manager - INFO - 系统信息已保存到数据库
2025-10-04 17:26:14,145 - net_manager - ERROR - 无法发送数据：UDP_HOST未设置。请在运行前设置UDP_HOST环境变量或修改config.py文件
2025-10-04 17:26:14,145 - net_manager - WARNING - 系统信息发送失败
2025-10-04 17:26:14,145 - net_manager - INFO - 等待 30 秒后进行下次收集...
2025-10-04 17:26:44,146 - net_manager - INFO - 开始收集系统信息...
2025-10-04 17:26:44,146 - net_manager - INFO - 成功获取主机名: Jungle-Desktop
2025-10-04 17:26:44,146 - net_manager - INFO - 成功获取IP地址: 192.168.31.249
2025-10-04 17:26:44,146 - net_manager - INFO - 成功获取MAC地址: 65:96:58:60:82:0b
2025-10-04 17:26:44,147 - net_manager - INFO - 成功获取服务信息，共 150 个服务
2025-10-04 17:26:44,155 - net_manager - INFO - 系统信息保存成功
2025-10-04 17:26:44,155 - net_manager - INFO - 系统信息已保存到数据库
2025-10-04 17:26:44,155 - net_manager - ERROR - 无法发送数据：UDP_HOST未设置。请在运行前设置UDP_HOST环境变量或修改config.py文件
2025-10-04 17:26:44,155 - net_manager - WARNING - 系统信息发送失败
2025-10-04 17:26:44,155 - net_manager - INFO - 等待 30 秒后进行下次收集...
2025-10-04 17:27:00,105 - net_manager - INFO - Net Manager 启动...
2025-10-04 17:27:00,106 - net_manager - INFO - 数据库初始化成功
2025-10-04 17:27:00,106 - net_manager - WARNING - UDP发送器初始化完成，但目标地址未设置。请在运行前设置UDP_HOST环境变量或修改config.py文件。目标端口: 12306
2025-10-04 17:27:00,106 - net_manager - INFO - 开始收集系统信息...
2025-10-04 17:27:00,106 - net_manager - INFO - 成功获取主机名: Jungle-Desktop
2025-10-04 17:27:00,106 - net_manager - INFO - 成功获取IP地址: 192.168.31.249
2025-10-04 17:27:00,106 - net_manager - INFO - 成功获取MAC地址: 65:96:58:60:82:0b
2025-10-04 17:27:00,108 - net_manager - INFO - 成功获取服务信息，共 151 个服务
2025-10-04 17:27:00,135 - net_manager - INFO - 系统信息保存成功
2025-10-04 17:27:00,135 - net_manager - INFO - 系统信息已保存到数据库
2025-10-04 17:27:00,135 - net_manager - ERROR - 无法发送数据：UDP_HOST未设置。请在运行前设置UDP_HOST环境变量或修改config.py文件
2025-10-04 17:27:00,135 - net_manager - WARNING - 系统信息发送失败
2025-10-04 17:27:00,135 - net_manager - INFO - 等待 30 秒后进行下次收集...
2025-10-04 17:27:14,155 - net_manager - INFO - 开始收集系统信息...
2025-10-04 17:27:14,155 - net_manager - INFO - 成功获取主机名: Jungle-Desktop
2025-10-04 17:27:14,155 - net_manager - INFO - 成功获取IP地址: 192.168.31.249
2025-10-04 17:27:14,155 - net_manager - INFO - 成功获取MAC地址: 65:96:58:60:82:0b
2025-10-04 17:27:14,157 - net_manager - INFO - 成功获取服务信息，共 153 个服务
2025-10-04 17:27:14,240 - net_manager - INFO - 系统信息保存成功
2025-10-04 17:27:14,240 - net_manager - INFO - 系统信息已保存到数据库
2025-10-04 17:27:14,240 - net_manager - ERROR - 无法发送数据：UDP_HOST未设置。请在运行前设置UDP_HOST环境变量或修改config.py文件
2025-10-04 17:27:14,240 - net_manager - WARNING - 系统信息发送失败
2025-10-04 17:27:14,240 - net_manager - INFO - 等待 30 秒后进行下次收集...
2025-10-04 17:27:44,241 - net_manager - INFO - 开始收集系统信息...
2025-10-04 17:27:44,241 - net_manager - INFO - 成功获取主机名: Jungle-Desktop
2025-10-04 17:27:44,241 - net_manager - INFO - 成功获取IP地址: 192.168.31.249
2025-10-04 17:27:44,241 - net_manager - INFO - 成功获取MAC地址: 65:96:58:60:82:0b
2025-10-04 17:27:44,243 - net_manager - INFO - 成功获取服务信息，共 150 个服务
2025-10-04 17:27:44,250 - net_manager - INFO - 系统信息保存成功
2025-10-04 17:27:44,250 - net_manager - INFO - 系统信息已保存到数据库
2025-10-04 17:27:44,250 - net_manager - ERROR - 无法发送数据：UDP_HOST未设置。请在运行前设置UDP_HOST环境变量或修改config.py文件
2025-10-04 17:27:44,250 - net_manager - WARNING - 系统信息发送失败
2025-10-04 17:27:44,250 - net_manager - INFO - 等待 30 秒后进行下次收集...
2025-10-04 17:28:14,251 - net_manager - INFO - 开始收集系统信息...
2025-10-04 17:28:14,251 - net_manager - INFO - 成功获取主机名: Jungle-Desktop
2025-10-04 17:28:14,251 - net_manager - INFO - 成功获取IP地址: 192.168.31.249
2025-10-04 17:28:14,251 - net_manager - INFO - 成功获取MAC地址: 65:96:58:60:82:0b
2025-10-04 17:28:14,253 - net_manager - INFO - 成功获取服务信息，共 150 个服务
2025-10-04 17:28:14,261 - net_manager - INFO - 系统信息保存成功
2025-10-04 17:28:14,261 - net_manager - INFO - 系统信息已保存到数据库
2025-10-04 17:28:14,261 - net_manager - ERROR - 无法发送数据：UDP_HOST未设置。请在运行前设置UDP_HOST环境变量或修改config.py文件
2025-10-04 17:28:14,261 - net_manager - WARNING - 系统信息发送失败
2025-10-04 17:28:14,261 - net_manager - INFO - 等待 30 秒后进行下次收集...
2025-10-04 17:28:44,261 - net_manager - INFO - 开始收集系统信息...
2025-10-04 17:28:44,261 - net_manager - INFO - 成功获取主机名: Jungle-Desktop
2025-10-04 17:28:44,262 - net_manager - INFO - 成功获取IP地址: 192.168.31.249
2025-10-04 17:28:44,262 - net_manager - INFO - 成功获取MAC地址: 65:96:58:60:82:0b
2025-10-04 17:28:44,263 - net_manager - INFO - 成功获取服务信息，共 148 个服务
2025-10-04 17:28:44,271 - net_manager - INFO - 系统信息保存成功
2025-10-04 17:28:44,271 - net_manager - INFO - 系统信息已保存到数据库
2025-10-04 17:28:44,271 - net_manager - ERROR - 无法发送数据：UDP_HOST未设置。请在运行前设置UDP_HOST环境变量或修改config.py文件
2025-10-04 17:28:44,271 - net_manager - WARNING - 系统信息发送失败
2025-10-04 17:28:44,271 - net_manager - INFO - 等待 30 秒后进行下次收集...
2025-10-04 17:29:14,272 - net_manager - INFO - 开始收集系统信息...
2025-10-04 17:29:14,272 - net_manager - INFO - 成功获取主机名: Jungle-Desktop
2025-10-04 17:29:14,272 - net_manager - INFO - 成功获取IP地址: 192.168.31.249
2025-10-04 17:29:14,272 - net_manager - INFO - 成功获取MAC地址: 65:96:58:60:82:0b
2025-10-04 17:29:14,274 - net_manager - INFO - 成功获取服务信息，共 152 个服务
2025-10-04 17:29:14,282 - net_manager - INFO - 系统信息保存成功
2025-10-04 17:29:14,282 - net_manager - INFO - 系统信息已保存到数据库
2025-10-04 17:29:14,282 - net_manager - ERROR - 无法发送数据：UDP_HOST未设置。请在运行前设置UDP_HOST环境变量或修改config.py文件
2025-10-04 17:29:14,282 - net_manager - WARNING - 系统信息发送失败
2025-10-04 17:29:14,282 - net_manager - INFO - 等待 30 秒后进行下次收集...
2025-10-04 17:29:44,283 - net_manager - INFO - 开始收集系统信息...
2025-10-04 17:29:44,283 - net_manager - INFO - 成功获取主机名: Jungle-Desktop
2025-10-04 17:29:44,283 - net_manager - INFO - 成功获取IP地址: 192.168.31.249
2025-10-04 17:29:44,283 - net_manager - INFO - 成功获取MAC地址: 65:96:58:60:82:0b
2025-10-04 17:29:44,285 - net_manager - INFO - 成功获取服务信息，共 153 个服务
2025-10-04 17:29:44,293 - net_manager - INFO - 系统信息保存成功
2025-10-04 17:29:44,294 - net_manager - INFO - 系统信息已保存到数据库
2025-10-04 17:29:44,294 - net_manager - ERROR - 无法发送数据：UDP_HOST未设置。请在运行前设置UDP_HOST环境变量或修改config.py文件
2025-10-04 17:29:44,294 - net_manager - WARNING - 系统信息发送失败
2025-10-04 17:29:44,294 - net_manager - INFO - 等待 30 秒后进行下次收集...
2025-10-04 17:29:51,044 - net_manager - INFO - Net Manager 启动...
2025-10-04 17:29:51,045 - net_manager - INFO - 数据库初始化成功
2025-10-04 17:29:51,045 - net_manager - INFO - UDP发送器初始化完成，使用广播模式发送数据到端口: 12307
2025-10-04 17:29:51,045 - net_manager - INFO - 开始收集系统信息...
2025-10-04 17:29:51,045 - net_manager - INFO - 成功获取主机名: Jungle-Desktop
2025-10-04 17:29:51,045 - net_manager - INFO - 成功获取IP地址: 192.168.31.249
2025-10-04 17:29:51,045 - net_manager - INFO - 成功获取MAC地址: 65:96:58:60:82:0b
2025-10-04 17:29:51,047 - net_manager - INFO - 成功获取服务信息，共 153 个服务
2025-10-04 17:29:51,054 - net_manager - INFO - 系统信息保存成功
2025-10-04 17:29:51,054 - net_manager - INFO - 系统信息已保存到数据库
2025-10-04 17:29:51,054 - net_manager - INFO - 数据已通过广播发送到端口 12307
2025-10-04 17:29:51,054 - net_manager - INFO - 等待 30 秒后进行下次收集...
2025-10-04 17:30:40,383 - net_manager - INFO - Net Manager 启动...
2025-10-04 17:30:40,383 - net_manager - INFO - 数据库初始化成功
2025-10-04 17:30:40,384 - net_manager - INFO - UDP发送器初始化完成，使用广播模式发送数据到端口: 12306
2025-10-04 17:30:40,384 - net_manager - INFO - 开始收集系统信息...
2025-10-04 17:30:40,384 - net_manager - INFO - 成功获取主机名: Jungle-Desktop
2025-10-04 17:30:40,384 - net_manager - INFO - 成功获取IP地址: 192.168.31.249
2025-10-04 17:30:40,384 - net_manager - INFO - 成功获取MAC地址: 65:96:58:60:82:0b
2025-10-04 17:30:40,386 - net_manager - INFO - 成功获取服务信息，共 152 个服务
2025-10-04 17:30:40,394 - net_manager - INFO - 系统信息保存成功
2025-10-04 17:30:40,394 - net_manager - INFO - 系统信息已保存到数据库
2025-10-04 17:30:40,394 - net_manager - INFO - 数据已通过广播发送到端口 12306
2025-10-04 17:30:40,394 - net_manager - INFO - 等待 30 秒后进行下次收集...
2025-10-04 17:31:09,764 - net_manager - INFO - Net Manager 启动...
2025-10-04 17:31:09,765 - net_manager - INFO - 数据库初始化成功
2025-10-04 17:31:09,765 - net_manager - INFO - UDP发送器初始化完成，使用广播模式发送数据到端口: 12306
2025-10-04 17:31:09,765 - net_manager - INFO - 开始收集系统信息...
2025-10-04 17:31:09,766 - net_manager - INFO - 成功获取主机名: Jungle-Desktop
2025-10-04 17:31:09,766 - net_manager - INFO - 成功获取IP地址: 192.168.31.249
2025-10-04 17:31:09,766 - net_manager - INFO - 成功获取MAC地址: 65:96:58:60:82:0b
2025-10-04 17:31:09,767 - net_manager - INFO - 成功获取服务信息，共 152 个服务
2025-10-04 17:31:09,774 - net_manager - INFO - 系统信息保存成功
2025-10-04 17:31:09,775 - net_manager - INFO - 系统信息已保存到数据库
2025-10-04 17:31:09,775 - net_manager - INFO - 数据已通过广播发送到端口 12306
2025-10-04 17:31:09,775 - net_manager - INFO - 等待 30 秒后进行下次收集...
2025-10-04 17:31:39,776 - net_manager - INFO - 开始收集系统信息...
2025-10-04 17:31:39,776 - net_manager - INFO - 成功获取主机名: Jungle-Desktop
2025-10-04 17:31:39,776 - net_manager - INFO - 成功获取IP地址: 192.168.31.249
2025-10-04 17:31:39,776 - net_manager - INFO - 成功获取MAC地址: 65:96:58:60:82:0b
2025-10-04 17:31:39,778 - net_manager - INFO - 成功获取服务信息，共 151 个服务
2025-10-04 17:31:39,786 - net_manager - INFO - 系统信息保存成功
2025-10-04 17:31:39,786 - net_manager - INFO - 系统信息已保存到数据库
2025-10-04 17:31:39,786 - net_manager - INFO - 数据已通过广播发送到端口 12306
2025-10-04 17:31:39,787 - net_manager - INFO - 等待 30 秒后进行下次收集...
2025-10-04 17:32:09,787 - net_manager - INFO - 开始收集系统信息...
2025-10-04 17:32:09,787 - net_manager - INFO - 成功获取主机名: Jungle-Desktop
2025-10-04 17:32:09,788 - net_manager - INFO - 成功获取IP地址: 192.168.31.249
2025-10-04 17:32:09,788 - net_manager - INFO - 成功获取MAC地址: 65:96:58:60:82:0b
2025-10-04 17:32:09,789 - net_manager - INFO - 成功获取服务信息，共 151 个服务
2025-10-04 17:32:09,797 - net_manager - INFO - 系统信息保存成功
2025-10-04 17:32:09,797 - net_manager - INFO - 系统信息已保存到数据库
2025-10-04 17:32:09,797 - net_manager - INFO - 数据已通过广播发送到端口 12306
2025-10-04 17:32:09,797 - net_manager - INFO - 等待 30 秒后进行下次收集...
2025-10-04 17:32:39,797 - net_manager - INFO - 开始收集系统信息...
2025-10-04 17:32:39,798 - net_manager - INFO - 成功获取主机名: Jungle-Desktop
2025-10-04 17:32:39,798 - net_manager - INFO - 成功获取IP地址: 192.168.31.249
2025-10-04 17:32:39,798 - net_manager - INFO - 成功获取MAC地址: 65:96:58:60:82:0b
2025-10-04 17:32:39,800 - net_manager - INFO - 成功获取服务信息，共 149 个服务
2025-10-04 17:32:39,807 - net_manager - INFO - 系统信息保存成功
2025-10-04 17:32:39,808 - net_manager - INFO - 系统信息已保存到数据库
2025-10-04 17:32:39,808 - net_manager - INFO - 数据已通过广播发送到端口 12306
2025-10-04 17:32:39,808 - net_manager - INFO - 等待 30 秒后进行下次收集...
2025-10-04 17:33:09,808 - net_manager - INFO - 开始收集系统信息...
2025-10-04 17:33:09,808 - net_manager - INFO - 成功获取主机名: Jungle-Desktop
2025-10-04 17:33:09,809 - net_manager - INFO - 成功获取IP地址: 192.168.31.249
2025-10-04 17:33:09,809 - net_manager - INFO - 成功获取MAC地址: 65:96:58:60:82:0b
2025-10-04 17:33:09,810 - net_manager - INFO - 成功获取服务信息，共 151 个服务
2025-10-04 17:33:09,818 - net_manager - INFO - 系统信息保存成功
2025-10-04 17:33:09,818 - net_manager - INFO - 系统信息已保存到数据库
2025-10-04 17:33:09,818 - net_manager - INFO - 数据已通过广播发送到端口 12306
2025-10-04 17:33:09,819 - net_manager - INFO - 等待 30 秒后进行下次收集...
2025-10-04 17:33:39,819 - net_manager - INFO - 开始收集系统信息...
2025-10-04 17:33:39,819 - net_manager - INFO - 成功获取主机名: Jungle-Desktop
2025-10-04 17:33:39,820 - net_manager - INFO - 成功获取IP地址: 192.168.31.249
2025-10-04 17:33:39,820 - net_manager - INFO - 成功获取MAC地址: 65:96:58:60:82:0b
2025-10-04 17:33:39,821 - net_manager - INFO - 成功获取服务信息，共 149 个服务
2025-10-04 17:33:39,828 - net_manager - INFO - 系统信息保存成功
2025-10-04 17:33:39,828 - net_manager - INFO - 系统信息已保存到数据库
2025-10-04 17:33:39,828 - net_manager - INFO - 数据已通过广播发送到端口 12306
2025-10-04 17:33:39,828 - net_manager - INFO - 等待 30 秒后进行下次收集...
2025-10-04 17:34:09,829 - net_manager - INFO - 开始收集系统信息...
2025-10-04 17:34:09,829 - net_manager - INFO - 成功获取主机名: Jungle-Desktop
2025-10-04 17:34:09,829 - net_manager - INFO - 成功获取IP地址: 192.168.31.249
2025-10-04 17:34:09,830 - net_manager - INFO - 成功获取MAC地址: 65:96:58:60:82:0b
2025-10-04 17:34:09,831 - net_manager - INFO - 成功获取服务信息，共 151 个服务
2025-10-04 17:34:09,839 - net_manager - INFO - 系统信息保存成功
2025-10-04 17:34:09,840 - net_manager - INFO - 系统信息已保存到数据库
2025-10-04 17:34:09,840 - net_manager - INFO - 数据已通过广播发送到端口 12306
2025-10-04 17:34:09,840 - net_manager - INFO - 等待 30 秒后进行下次收集...
2025-10-04 17:34:39,840 - net_manager - INFO - 开始收集系统信息...
2025-10-04 17:34:39,841 - net_manager - INFO - 成功获取主机名: Jungle-Desktop
2025-10-04 17:34:39,841 - net_manager - INFO - 成功获取IP地址: 192.168.31.249
2025-10-04 17:34:39,841 - net_manager - INFO - 成功获取MAC地址: 65:96:58:60:82:0b
2025-10-04 17:34:39,843 - net_manager - INFO - 成功获取服务信息，共 149 个服务
2025-10-04 17:34:39,850 - net_manager - INFO - 系统信息保存成功
2025-10-04 17:34:39,850 - net_manager - INFO - 系统信息已保存到数据库
2025-10-04 17:34:39,850 - net_manager - INFO - 数据已通过广播发送到端口 12306
2025-10-04 17:34:39,850 - net_manager - INFO - 等待 30 秒后进行下次收集...
2025-10-04 17:35:09,851 - net_manager - INFO - 开始收集系统信息...
2025-10-04 17:35:09,851 - net_manager - INFO - 成功获取主机名: Jungle-Desktop
2025-10-04 17:35:09,852 - net_manager - INFO - 成功获取IP地址: 192.168.31.249
2025-10-04 17:35:09,852 - net_manager - INFO - 成功获取MAC地址: 65:96:58:60:82:0b
2025-10-04 17:35:09,853 - net_manager - INFO - 成功获取服务信息，共 151 个服务
2025-10-04 17:35:09,861 - net_manager - INFO - 系统信息保存成功
2025-10-04 17:35:09,861 - net_manager - INFO - 系统信息已保存到数据库
2025-10-04 17:35:09,861 - net_manager - INFO - 数据已通过广播发送到端口 12306
2025-10-04 17:35:09,861 - net_manager - INFO - 等待 30 秒后进行下次收集...
2025-10-04 17:35:39,862 - net_manager - INFO - 开始收集系统信息...
2025-10-04 17:35:39,862 - net_manager - INFO - 成功获取主机名: Jungle-Desktop
2025-10-04 17:35:39,862 - net_manager - INFO - 成功获取IP地址: 192.168.31.249
2025-10-04 17:35:39,862 - net_manager - INFO - 成功获取MAC地址: 65:96:58:60:82:0b
2025-10-04 17:35:39,864 - net_manager - INFO - 成功获取服务信息，共 149 个服务
2025-10-04 17:35:39,871 - net_manager - INFO - 系统信息保存成功
2025-10-04 17:35:39,871 - net_manager - INFO - 系统信息已保存到数据库
2025-10-04 17:35:39,872 - net_manager - INFO - 数据已通过广播发送到端口 12306
2025-10-04 17:35:39,872 - net_manager - INFO - 等待 30 秒后进行下次收集...
2025-10-04 17:36:09,872 - net_manager - INFO - 开始收集系统信息...
2025-10-04 17:36:09,873 - net_manager - INFO - 成功获取主机名: Jungle-Desktop
2025-10-04 17:36:09,873 - net_manager - INFO - 成功获取IP地址: 192.168.31.249
2025-10-04 17:36:09,873 - net_manager - INFO - 成功获取MAC地址: 65:96:58:60:82:0b
2025-10-04 17:36:09,874 - net_manager - INFO - 成功获取服务信息，共 149 个服务
2025-10-04 17:36:09,882 - net_manager - INFO - 系统信息保存成功
2025-10-04 17:36:09,882 - net_manager - INFO - 系统信息已保存到数据库
2025-10-04 17:36:09,882 - net_manager - INFO - 数据已通过广播发送到端口 12306
2025-10-04 17:36:09,882 - net_manager - INFO - 等待 30 秒后进行下次收集...
2025-10-04 17:36:39,883 - net_manager - INFO - 开始收集系统信息...
2025-10-04 17:36:39,883 - net_manager - INFO - 成功获取主机名: Jungle-Desktop
2025-10-04 17:36:39,883 - net_manager - INFO - 成功获取IP地址: 192.168.31.249
2025-10-04 17:36:39,883 - net_manager - INFO - 成功获取MAC地址: 65:96:58:60:82:0b
2025-10-04 17:36:39,885 - net_manager - INFO - 成功获取服务信息，共 149 个服务
2025-10-04 17:36:39,893 - net_manager - INFO - 系统信息保存成功
2025-10-04 17:36:39,893 - net_manager - INFO - 系统信息已保存到数据库
2025-10-04 17:36:39,893 - net_manager - INFO - 数据已通过广播发送到端口 12306
2025-10-04 17:36:39,893 - net_manager - INFO - 等待 30 秒后进行下次收集...
2025-10-04 17:37:09,893 - net_manager - INFO - 开始收集系统信息...
2025-10-04 17:37:09,894 - net_manager - INFO - 成功获取主机名: Jungle-Desktop
2025-10-04 17:37:09,894 - net_manager - INFO - 成功获取IP地址: 192.168.31.249
2025-10-04 17:37:09,894 - net_manager - INFO - 成功获取MAC地址: 65:96:58:60:82:0b
2025-10-04 17:37:09,896 - net_manager - INFO - 成功获取服务信息，共 151 个服务
2025-10-04 17:37:09,900 - net_manager - INFO - 系统信息保存成功
2025-10-04 17:37:09,900 - net_manager - INFO - 系统信息已保存到数据库
2025-10-04 17:37:09,900 - net_manager - INFO - 数据已通过广播发送到端口 12306
2025-10-04 17:37:09,900 - net_manager - INFO - 等待 30 秒后进行下次收集...
2025-10-04 17:37:39,901 - net_manager - INFO - 开始收集系统信息...
2025-10-04 17:37:39,901 - net_manager - INFO - 成功获取主机名: Jungle-Desktop
2025-10-04 17:37:39,901 - net_manager - INFO - 成功获取IP地址: 192.168.31.249
2025-10-04 17:37:39,901 - net_manager - INFO - 成功获取MAC地址: 65:96:58:60:82:0b
2025-10-04 17:37:39,903 - net_manager - INFO - 成功获取服务信息，共 149 个服务
2025-10-04 17:37:39,910 - net_manager - INFO - 系统信息保存成功
2025-10-04 17:37:39,910 - net_manager - INFO - 系统信息已保存到数据库
2025-10-04 17:37:39,910 - net_manager - INFO - 数据已通过广播发送到端口 12306
2025-10-04 17:37:39,910 - net_manager - INFO - 等待 30 秒后进行下次收集...
2025-10-04 17:38:09,911 - net_manager - INFO - 开始收集系统信息...
2025-10-04 17:38:09,911 - net_manager - INFO - 成功获取主机名: Jungle-Desktop
2025-10-04 17:38:09,911 - net_manager - INFO - 成功获取IP地址: 192.168.31.249
2025-10-04 17:38:09,911 - net_manager - INFO - 成功获取MAC地址: 65:96:58:60:82:0b
2025-10-04 17:38:09,913 - net_manager - INFO - 成功获取服务信息，共 152 个服务
2025-10-04 17:38:09,920 - net_manager - INFO - 系统信息保存成功
2025-10-04 17:38:09,920 - net_manager - INFO - 系统信息已保存到数据库
2025-10-04 17:38:09,920 - net_manager - INFO - 数据已通过广播发送到端口 12306
2025-10-04 17:38:09,920 - net_manager - INFO - 等待 30 秒后进行下次收集...
2025-10-04 17:38:39,920 - net_manager - INFO - 开始收集系统信息...
2025-10-04 17:38:39,921 - net_manager - INFO - 成功获取主机名: Jungle-Desktop
2025-10-04 17:38:39,921 - net_manager - INFO - 成功获取IP地址: 192.168.31.249
2025-10-04 17:38:39,921 - net_manager - INFO - 成功获取MAC地址: 65:96:58:60:82:0b
2025-10-04 17:38:39,922 - net_manager - INFO - 成功获取服务信息，共 147 个服务
2025-10-04 17:38:39,929 - net_manager - INFO - 系统信息保存成功
2025-10-04 17:38:39,929 - net_manager - INFO - 系统信息已保存到数据库
2025-10-04 17:38:39,930 - net_manager - INFO - 数据已通过广播发送到端口 12306
2025-10-04 17:38:39,930 - net_manager - INFO - 等待 30 秒后进行下次收集...
