2025-10-04 17:48:46,023 - net_manager - INFO - Net Manager 启动...
2025-10-04 17:48:46,034 - net_manager - INFO - 数据库初始化成功
2025-10-04 17:48:46,035 - net_manager - INFO - UDP发送器初始化完成，使用广播模式发送数据到端口: 12306
2025-10-04 17:48:46,035 - net_manager - INFO - 开始收集系统信息...
2025-10-04 17:48:46,035 - net_manager - INFO - 成功获取主机名: Jungle-Desktop
2025-10-04 17:48:46,035 - net_manager - INFO - 成功获取IP地址: 192.168.31.249
2025-10-04 17:48:46,035 - net_manager - INFO - 成功获取MAC地址: 65:96:58:60:82:0b
2025-10-04 17:48:46,037 - net_manager - INFO - 成功获取服务信息，共 151 个服务
2025-10-04 17:48:46,044 - net_manager - INFO - 系统信息保存成功
2025-10-04 17:48:46,045 - net_manager - INFO - 系统信息已保存到数据库
2025-10-04 17:48:46,045 - net_manager - INFO - 数据已通过广播发送到端口 12306
2025-10-04 17:48:46,045 - net_manager - INFO - 等待 30 秒后进行下次收集...
2025-10-04 17:49:16,045 - net_manager - INFO - 开始收集系统信息...
2025-10-04 17:49:16,045 - net_manager - INFO - 成功获取主机名: Jungle-Desktop
2025-10-04 17:49:16,046 - net_manager - INFO - 成功获取IP地址: 192.168.31.249
2025-10-04 17:49:16,046 - net_manager - INFO - 成功获取MAC地址: 65:96:58:60:82:0b
2025-10-04 17:49:16,047 - net_manager - INFO - 成功获取服务信息，共 152 个服务
2025-10-04 17:49:16,054 - net_manager - INFO - 系统信息保存成功
2025-10-04 17:49:16,054 - net_manager - INFO - 系统信息已保存到数据库
2025-10-04 17:49:16,054 - net_manager - INFO - 数据已通过广播发送到端口 12306
2025-10-04 17:49:16,055 - net_manager - INFO - 等待 30 秒后进行下次收集...
2025-10-04 17:49:46,055 - net_manager - INFO - 开始收集系统信息...
2025-10-04 17:49:46,055 - net_manager - INFO - 成功获取主机名: Jungle-Desktop
2025-10-04 17:49:46,055 - net_manager - INFO - 成功获取IP地址: 192.168.31.249
2025-10-04 17:49:46,056 - net_manager - INFO - 成功获取MAC地址: 65:96:58:60:82:0b
2025-10-04 17:49:46,057 - net_manager - INFO - 成功获取服务信息，共 150 个服务
2025-10-04 17:49:46,064 - net_manager - INFO - 系统信息保存成功
2025-10-04 17:49:46,064 - net_manager - INFO - 系统信息已保存到数据库
2025-10-04 17:49:46,064 - net_manager - INFO - 数据已通过广播发送到端口 12306
2025-10-04 17:49:46,064 - net_manager - INFO - 等待 30 秒后进行下次收集...
2025-10-04 17:50:16,065 - net_manager - INFO - 开始收集系统信息...
2025-10-04 17:50:16,065 - net_manager - INFO - 成功获取主机名: Jungle-Desktop
2025-10-04 17:50:16,066 - net_manager - INFO - 成功获取IP地址: 192.168.31.249
2025-10-04 17:50:16,066 - net_manager - INFO - 成功获取MAC地址: 65:96:58:60:82:0b
2025-10-04 17:50:16,067 - net_manager - INFO - 成功获取服务信息，共 156 个服务
2025-10-04 17:50:16,074 - net_manager - INFO - 系统信息保存成功
2025-10-04 17:50:16,075 - net_manager - INFO - 系统信息已保存到数据库
2025-10-04 17:50:16,075 - net_manager - INFO - 数据已通过广播发送到端口 12306
2025-10-04 17:50:16,075 - net_manager - INFO - 等待 30 秒后进行下次收集...
2025-10-04 17:50:46,075 - net_manager - INFO - 开始收集系统信息...
2025-10-04 17:50:46,076 - net_manager - INFO - 成功获取主机名: Jungle-Desktop
2025-10-04 17:50:46,076 - net_manager - INFO - 成功获取IP地址: 192.168.31.249
2025-10-04 17:50:46,076 - net_manager - INFO - 成功获取MAC地址: 65:96:58:60:82:0b
2025-10-04 17:50:46,077 - net_manager - INFO - 成功获取服务信息，共 154 个服务
2025-10-04 17:50:46,084 - net_manager - INFO - 系统信息保存成功
2025-10-04 17:50:46,084 - net_manager - INFO - 系统信息已保存到数据库
2025-10-04 17:50:46,085 - net_manager - INFO - 数据已通过广播发送到端口 12306
2025-10-04 17:50:46,085 - net_manager - INFO - 等待 30 秒后进行下次收集...
2025-10-04 17:51:16,085 - net_manager - INFO - 开始收集系统信息...
2025-10-04 17:51:16,085 - net_manager - INFO - 成功获取主机名: Jungle-Desktop
2025-10-04 17:51:16,086 - net_manager - INFO - 成功获取IP地址: 192.168.31.249
2025-10-04 17:51:16,086 - net_manager - INFO - 成功获取MAC地址: 65:96:58:60:82:0b
2025-10-04 17:51:16,087 - net_manager - INFO - 成功获取服务信息，共 161 个服务
2025-10-04 17:51:16,095 - net_manager - INFO - 系统信息保存成功
2025-10-04 17:51:16,095 - net_manager - INFO - 系统信息已保存到数据库
2025-10-04 17:51:16,095 - net_manager - INFO - 数据已通过广播发送到端口 12306
2025-10-04 17:51:16,095 - net_manager - INFO - 等待 30 秒后进行下次收集...
2025-10-04 17:51:46,095 - net_manager - INFO - 开始收集系统信息...
2025-10-04 17:51:46,096 - net_manager - INFO - 成功获取主机名: Jungle-Desktop
2025-10-04 17:51:46,096 - net_manager - INFO - 成功获取IP地址: 192.168.31.249
2025-10-04 17:51:46,096 - net_manager - INFO - 成功获取MAC地址: 65:96:58:60:82:0b
2025-10-04 17:51:46,097 - net_manager - INFO - 成功获取服务信息，共 159 个服务
2025-10-04 17:51:46,104 - net_manager - INFO - 系统信息保存成功
2025-10-04 17:51:46,105 - net_manager - INFO - 系统信息已保存到数据库
2025-10-04 17:51:46,105 - net_manager - INFO - 数据已通过广播发送到端口 12306
2025-10-04 17:51:46,105 - net_manager - INFO - 等待 30 秒后进行下次收集...
2025-10-04 17:52:16,105 - net_manager - INFO - 开始收集系统信息...
2025-10-04 17:52:16,106 - net_manager - INFO - 成功获取主机名: Jungle-Desktop
2025-10-04 17:52:16,106 - net_manager - INFO - 成功获取IP地址: 192.168.31.249
2025-10-04 17:52:16,106 - net_manager - INFO - 成功获取MAC地址: 65:96:58:60:82:0b
2025-10-04 17:52:16,107 - net_manager - INFO - 成功获取服务信息，共 157 个服务
2025-10-04 17:52:16,114 - net_manager - INFO - 系统信息保存成功
2025-10-04 17:52:16,114 - net_manager - INFO - 系统信息已保存到数据库
2025-10-04 17:52:16,114 - net_manager - INFO - 数据已通过广播发送到端口 12306
2025-10-04 17:52:16,115 - net_manager - INFO - 等待 30 秒后进行下次收集...
2025-10-04 17:52:46,115 - net_manager - INFO - 开始收集系统信息...
2025-10-04 17:52:46,115 - net_manager - INFO - 成功获取主机名: Jungle-Desktop
2025-10-04 17:52:46,115 - net_manager - INFO - 成功获取IP地址: 192.168.31.249
2025-10-04 17:52:46,116 - net_manager - INFO - 成功获取MAC地址: 65:96:58:60:82:0b
2025-10-04 17:52:46,117 - net_manager - INFO - 成功获取服务信息，共 155 个服务
2025-10-04 17:52:46,125 - net_manager - INFO - 系统信息保存成功
2025-10-04 17:52:46,125 - net_manager - INFO - 系统信息已保存到数据库
2025-10-04 17:52:46,125 - net_manager - INFO - 数据已通过广播发送到端口 12306
2025-10-04 17:52:46,125 - net_manager - INFO - 等待 30 秒后进行下次收集...
2025-10-04 17:53:16,126 - net_manager - INFO - 开始收集系统信息...
2025-10-04 17:53:16,126 - net_manager - INFO - 成功获取主机名: Jungle-Desktop
2025-10-04 17:53:16,126 - net_manager - INFO - 成功获取IP地址: 192.168.31.249
2025-10-04 17:53:16,126 - net_manager - INFO - 成功获取MAC地址: 65:96:58:60:82:0b
2025-10-04 17:53:16,128 - net_manager - INFO - 成功获取服务信息，共 159 个服务
2025-10-04 17:53:16,136 - net_manager - INFO - 系统信息保存成功
2025-10-04 17:53:16,137 - net_manager - INFO - 系统信息已保存到数据库
2025-10-04 17:53:16,137 - net_manager - INFO - 数据已通过广播发送到端口 12306
2025-10-04 17:53:16,137 - net_manager - INFO - 等待 30 秒后进行下次收集...
2025-10-04 17:53:46,137 - net_manager - INFO - 开始收集系统信息...
2025-10-04 17:53:46,138 - net_manager - INFO - 成功获取主机名: Jungle-Desktop
2025-10-04 17:53:46,138 - net_manager - INFO - 成功获取IP地址: 192.168.31.249
2025-10-04 17:53:46,138 - net_manager - INFO - 成功获取MAC地址: 65:96:58:60:82:0b
2025-10-04 17:53:46,140 - net_manager - INFO - 成功获取服务信息，共 158 个服务
2025-10-04 17:53:46,147 - net_manager - INFO - 系统信息保存成功
2025-10-04 17:53:46,147 - net_manager - INFO - 系统信息已保存到数据库
2025-10-04 17:53:46,147 - net_manager - INFO - 数据已通过广播发送到端口 12306
2025-10-04 17:53:46,147 - net_manager - INFO - 等待 30 秒后进行下次收集...
2025-10-04 17:54:16,148 - net_manager - INFO - 开始收集系统信息...
2025-10-04 17:54:16,148 - net_manager - INFO - 成功获取主机名: Jungle-Desktop
2025-10-04 17:54:16,148 - net_manager - INFO - 成功获取IP地址: 192.168.31.249
2025-10-04 17:54:16,148 - net_manager - INFO - 成功获取MAC地址: 65:96:58:60:82:0b
2025-10-04 17:54:16,150 - net_manager - INFO - 成功获取服务信息，共 159 个服务
2025-10-04 17:54:16,158 - net_manager - INFO - 系统信息保存成功
2025-10-04 17:54:16,158 - net_manager - INFO - 系统信息已保存到数据库
2025-10-04 17:54:16,158 - net_manager - INFO - 数据已通过广播发送到端口 12306
2025-10-04 17:54:16,158 - net_manager - INFO - 等待 30 秒后进行下次收集...
2025-10-04 18:42:17,373 - net_manager - INFO - 数据库初始化成功
2025-10-04 18:42:17,380 - net_manager - INFO - 数据库迁移成功：添加了processes字段
2025-10-04 18:47:14,765 - net_manager - INFO - 成功获取进程信息，共 311 个进程
2025-10-04 18:54:24,557 - net_manager - INFO - Net Manager 启动...
2025-10-04 18:54:24,569 - net_manager - INFO - 数据库初始化成功
2025-10-04 18:54:24,569 - net_manager - INFO - 数据库已包含processes字段，无需迁移
2025-10-04 18:54:24,570 - net_manager - INFO - UDP发送器初始化完成，使用广播模式发送数据到端口: 12306
2025-10-04 18:54:24,570 - net_manager - INFO - 开始收集系统信息...
2025-10-04 18:54:24,570 - net_manager - INFO - 成功获取主机名: Jungle-Desktop
2025-10-04 18:54:24,570 - net_manager - INFO - 成功获取IP地址: 192.168.31.249
2025-10-04 18:54:24,570 - net_manager - INFO - 成功获取MAC地址: 65:96:58:60:82:0b
2025-10-04 18:54:24,572 - net_manager - INFO - 成功获取服务信息，共 153 个服务
2025-10-04 18:54:25,362 - net_manager - INFO - 成功获取进程信息，共 308 个进程
2025-10-04 18:54:25,370 - net_manager - INFO - 系统信息保存成功
2025-10-04 18:54:25,370 - net_manager - INFO - 系统信息已保存到数据库
2025-10-04 18:54:25,371 - net_manager - INFO - 数据已通过广播发送到端口 12306
2025-10-04 18:54:25,371 - net_manager - INFO - 等待 30 秒后进行下次收集...
2025-10-04 18:54:55,371 - net_manager - INFO - 开始收集系统信息...
2025-10-04 18:54:55,372 - net_manager - INFO - 成功获取主机名: Jungle-Desktop
2025-10-04 18:54:55,372 - net_manager - INFO - 成功获取IP地址: 192.168.31.249
2025-10-04 18:54:55,372 - net_manager - INFO - 成功获取MAC地址: 65:96:58:60:82:0b
2025-10-04 18:54:55,374 - net_manager - INFO - 成功获取服务信息，共 152 个服务
2025-10-04 18:54:56,007 - net_manager - INFO - 成功获取进程信息，共 312 个进程
2025-10-04 18:54:56,015 - net_manager - INFO - 系统信息保存成功
2025-10-04 18:54:56,015 - net_manager - INFO - 系统信息已保存到数据库
2025-10-04 18:54:56,015 - net_manager - INFO - 数据已通过广播发送到端口 12306
2025-10-04 18:54:56,015 - net_manager - INFO - 等待 30 秒后进行下次收集...
2025-10-04 18:55:26,016 - net_manager - INFO - 开始收集系统信息...
2025-10-04 18:55:26,016 - net_manager - INFO - 成功获取主机名: Jungle-Desktop
2025-10-04 18:55:26,016 - net_manager - INFO - 成功获取IP地址: 192.168.31.249
2025-10-04 18:55:26,016 - net_manager - INFO - 成功获取MAC地址: 65:96:58:60:82:0b
2025-10-04 18:55:26,020 - net_manager - INFO - 成功获取服务信息，共 157 个服务
2025-10-04 18:55:26,661 - net_manager - INFO - 成功获取进程信息，共 316 个进程
2025-10-04 18:55:26,669 - net_manager - INFO - 系统信息保存成功
2025-10-04 18:55:26,670 - net_manager - INFO - 系统信息已保存到数据库
2025-10-04 18:55:26,670 - net_manager - INFO - 数据已通过广播发送到端口 12306
2025-10-04 18:55:26,670 - net_manager - INFO - 等待 30 秒后进行下次收集...
2025-10-04 18:55:56,670 - net_manager - INFO - 开始收集系统信息...
2025-10-04 18:55:56,671 - net_manager - INFO - 成功获取主机名: Jungle-Desktop
2025-10-04 18:55:56,671 - net_manager - INFO - 成功获取IP地址: 192.168.31.249
2025-10-04 18:55:56,671 - net_manager - INFO - 成功获取MAC地址: 65:96:58:60:82:0b
2025-10-04 18:55:56,673 - net_manager - INFO - 成功获取服务信息，共 154 个服务
2025-10-04 18:55:57,301 - net_manager - INFO - 成功获取进程信息，共 314 个进程
2025-10-04 18:55:57,319 - net_manager - INFO - 系统信息保存成功
2025-10-04 18:55:57,319 - net_manager - INFO - 系统信息已保存到数据库
2025-10-04 18:55:57,320 - net_manager - INFO - 数据已通过广播发送到端口 12306
2025-10-04 18:55:57,320 - net_manager - INFO - 等待 30 秒后进行下次收集...
2025-10-04 18:56:27,320 - net_manager - INFO - 开始收集系统信息...
2025-10-04 18:56:27,321 - net_manager - INFO - 成功获取主机名: Jungle-Desktop
2025-10-04 18:56:27,321 - net_manager - INFO - 成功获取IP地址: 192.168.31.249
2025-10-04 18:56:27,321 - net_manager - INFO - 成功获取MAC地址: 65:96:58:60:82:0b
2025-10-04 18:56:27,323 - net_manager - INFO - 成功获取服务信息，共 156 个服务
2025-10-04 18:56:27,924 - net_manager - INFO - 成功获取进程信息，共 312 个进程
2025-10-04 18:56:27,937 - net_manager - INFO - 系统信息保存成功
2025-10-04 18:56:27,937 - net_manager - INFO - 系统信息已保存到数据库
2025-10-04 18:56:27,937 - net_manager - INFO - 数据已通过广播发送到端口 12306
2025-10-04 18:56:27,937 - net_manager - INFO - 等待 30 秒后进行下次收集...
2025-10-04 18:56:57,937 - net_manager - INFO - 开始收集系统信息...
2025-10-04 18:56:57,938 - net_manager - INFO - 成功获取主机名: Jungle-Desktop
2025-10-04 18:56:57,938 - net_manager - INFO - 成功获取IP地址: 192.168.31.249
2025-10-04 18:56:57,938 - net_manager - INFO - 成功获取MAC地址: 65:96:58:60:82:0b
2025-10-04 18:56:57,940 - net_manager - INFO - 成功获取服务信息，共 156 个服务
2025-10-04 18:56:58,540 - net_manager - INFO - 成功获取进程信息，共 311 个进程
2025-10-04 18:56:58,548 - net_manager - INFO - 系统信息保存成功
2025-10-04 18:56:58,549 - net_manager - INFO - 系统信息已保存到数据库
2025-10-04 18:56:58,549 - net_manager - INFO - 数据已通过广播发送到端口 12306
2025-10-04 18:56:58,549 - net_manager - INFO - 等待 30 秒后进行下次收集...
2025-10-04 18:57:28,549 - net_manager - INFO - 开始收集系统信息...
2025-10-04 18:57:28,550 - net_manager - INFO - 成功获取主机名: Jungle-Desktop
2025-10-04 18:57:28,550 - net_manager - INFO - 成功获取IP地址: 192.168.31.249
2025-10-04 18:57:28,550 - net_manager - INFO - 成功获取MAC地址: 65:96:58:60:82:0b
2025-10-04 18:57:28,552 - net_manager - INFO - 成功获取服务信息，共 156 个服务
2025-10-04 18:57:29,150 - net_manager - INFO - 成功获取进程信息，共 311 个进程
2025-10-04 18:57:29,158 - net_manager - INFO - 系统信息保存成功
2025-10-04 18:57:29,158 - net_manager - INFO - 系统信息已保存到数据库
2025-10-04 18:57:29,159 - net_manager - INFO - 数据已通过广播发送到端口 12306
2025-10-04 18:57:29,159 - net_manager - INFO - 等待 30 秒后进行下次收集...
2025-10-04 18:57:59,159 - net_manager - INFO - 开始收集系统信息...
2025-10-04 18:57:59,159 - net_manager - INFO - 成功获取主机名: Jungle-Desktop
2025-10-04 18:57:59,160 - net_manager - INFO - 成功获取IP地址: 192.168.31.249
2025-10-04 18:57:59,160 - net_manager - INFO - 成功获取MAC地址: 65:96:58:60:82:0b
2025-10-04 18:57:59,161 - net_manager - INFO - 成功获取服务信息，共 160 个服务
2025-10-04 18:57:59,763 - net_manager - INFO - 成功获取进程信息，共 310 个进程
2025-10-04 18:57:59,772 - net_manager - INFO - 系统信息保存成功
2025-10-04 18:57:59,772 - net_manager - INFO - 系统信息已保存到数据库
2025-10-04 18:57:59,772 - net_manager - INFO - 数据已通过广播发送到端口 12306
2025-10-04 18:57:59,772 - net_manager - INFO - 等待 30 秒后进行下次收集...
2025-10-04 18:58:29,773 - net_manager - INFO - 开始收集系统信息...
2025-10-04 18:58:29,773 - net_manager - INFO - 成功获取主机名: Jungle-Desktop
2025-10-04 18:58:29,773 - net_manager - INFO - 成功获取IP地址: 192.168.31.249
2025-10-04 18:58:29,774 - net_manager - INFO - 成功获取MAC地址: 65:96:58:60:82:0b
2025-10-04 18:58:29,775 - net_manager - INFO - 成功获取服务信息，共 152 个服务
2025-10-04 18:58:30,390 - net_manager - INFO - 成功获取进程信息，共 310 个进程
2025-10-04 18:58:30,398 - net_manager - INFO - 系统信息保存成功
2025-10-04 18:58:30,399 - net_manager - INFO - 系统信息已保存到数据库
2025-10-04 18:58:30,399 - net_manager - INFO - 数据已通过广播发送到端口 12306
2025-10-04 18:58:30,399 - net_manager - INFO - 等待 30 秒后进行下次收集...
2025-10-04 18:59:00,400 - net_manager - INFO - 开始收集系统信息...
2025-10-04 18:59:00,400 - net_manager - INFO - 成功获取主机名: Jungle-Desktop
2025-10-04 18:59:00,400 - net_manager - INFO - 成功获取IP地址: 192.168.31.249
2025-10-04 18:59:00,400 - net_manager - INFO - 成功获取MAC地址: 65:96:58:60:82:0b
2025-10-04 18:59:00,402 - net_manager - INFO - 成功获取服务信息，共 152 个服务
2025-10-04 18:59:01,006 - net_manager - INFO - 成功获取进程信息，共 310 个进程
2025-10-04 18:59:01,022 - net_manager - INFO - 系统信息保存成功
2025-10-04 18:59:01,022 - net_manager - INFO - 系统信息已保存到数据库
2025-10-04 18:59:01,022 - net_manager - INFO - 数据已通过广播发送到端口 12306
2025-10-04 18:59:01,023 - net_manager - INFO - 等待 30 秒后进行下次收集...
2025-10-04 18:59:31,023 - net_manager - INFO - 开始收集系统信息...
2025-10-04 18:59:31,023 - net_manager - INFO - 成功获取主机名: Jungle-Desktop
2025-10-04 18:59:31,023 - net_manager - INFO - 成功获取IP地址: 192.168.31.249
2025-10-04 18:59:31,024 - net_manager - INFO - 成功获取MAC地址: 65:96:58:60:82:0b
2025-10-04 18:59:31,025 - net_manager - INFO - 成功获取服务信息，共 150 个服务
2025-10-04 18:59:31,640 - net_manager - INFO - 成功获取进程信息，共 314 个进程
2025-10-04 18:59:31,649 - net_manager - INFO - 系统信息保存成功
2025-10-04 18:59:31,649 - net_manager - INFO - 系统信息已保存到数据库
2025-10-04 18:59:31,649 - net_manager - INFO - 数据已通过广播发送到端口 12306
2025-10-04 18:59:31,649 - net_manager - INFO - 等待 30 秒后进行下次收集...
2025-10-04 19:00:01,649 - net_manager - INFO - 开始收集系统信息...
2025-10-04 19:00:01,650 - net_manager - INFO - 成功获取主机名: Jungle-Desktop
2025-10-04 19:00:01,650 - net_manager - INFO - 成功获取IP地址: 192.168.31.249
2025-10-04 19:00:01,650 - net_manager - INFO - 成功获取MAC地址: 65:96:58:60:82:0b
2025-10-04 19:00:01,652 - net_manager - INFO - 成功获取服务信息，共 154 个服务
2025-10-04 19:00:02,273 - net_manager - INFO - 成功获取进程信息，共 316 个进程
2025-10-04 19:00:02,281 - net_manager - INFO - 系统信息保存成功
2025-10-04 19:00:02,281 - net_manager - INFO - 系统信息已保存到数据库
2025-10-04 19:00:02,282 - net_manager - INFO - 数据已通过广播发送到端口 12306
2025-10-04 19:00:02,282 - net_manager - INFO - 等待 30 秒后进行下次收集...
2025-10-04 19:00:32,282 - net_manager - INFO - 开始收集系统信息...
2025-10-04 19:00:32,282 - net_manager - INFO - 成功获取主机名: Jungle-Desktop
2025-10-04 19:00:32,283 - net_manager - INFO - 成功获取IP地址: 192.168.31.249
2025-10-04 19:00:32,283 - net_manager - INFO - 成功获取MAC地址: 65:96:58:60:82:0b
2025-10-04 19:00:32,284 - net_manager - INFO - 成功获取服务信息，共 150 个服务
2025-10-04 19:00:32,885 - net_manager - INFO - 成功获取进程信息，共 309 个进程
2025-10-04 19:00:32,892 - net_manager - INFO - 系统信息保存成功
2025-10-04 19:00:32,892 - net_manager - INFO - 系统信息已保存到数据库
2025-10-04 19:00:32,893 - net_manager - INFO - 数据已通过广播发送到端口 12306
2025-10-04 19:00:32,893 - net_manager - INFO - 等待 30 秒后进行下次收集...
2025-10-04 19:01:02,893 - net_manager - INFO - 开始收集系统信息...
2025-10-04 19:01:02,893 - net_manager - INFO - 成功获取主机名: Jungle-Desktop
2025-10-04 19:01:02,894 - net_manager - INFO - 成功获取IP地址: 192.168.31.249
2025-10-04 19:01:02,894 - net_manager - INFO - 成功获取MAC地址: 65:96:58:60:82:0b
2025-10-04 19:01:02,896 - net_manager - INFO - 成功获取服务信息，共 152 个服务
2025-10-04 19:01:03,492 - net_manager - INFO - 成功获取进程信息，共 309 个进程
2025-10-04 19:01:03,500 - net_manager - INFO - 系统信息保存成功
2025-10-04 19:01:03,500 - net_manager - INFO - 系统信息已保存到数据库
2025-10-04 19:01:03,500 - net_manager - INFO - 数据已通过广播发送到端口 12306
2025-10-04 19:01:03,501 - net_manager - INFO - 等待 30 秒后进行下次收集...
2025-10-04 19:01:33,501 - net_manager - INFO - 开始收集系统信息...
2025-10-04 19:01:33,501 - net_manager - INFO - 成功获取主机名: Jungle-Desktop
2025-10-04 19:01:33,502 - net_manager - INFO - 成功获取IP地址: 192.168.31.249
2025-10-04 19:01:33,502 - net_manager - INFO - 成功获取MAC地址: 65:96:58:60:82:0b
2025-10-04 19:01:33,503 - net_manager - INFO - 成功获取服务信息，共 150 个服务
2025-10-04 19:01:34,102 - net_manager - INFO - 成功获取进程信息，共 308 个进程
2025-10-04 19:01:34,110 - net_manager - INFO - 系统信息保存成功
2025-10-04 19:01:34,110 - net_manager - INFO - 系统信息已保存到数据库
2025-10-04 19:01:34,111 - net_manager - INFO - 数据已通过广播发送到端口 12306
2025-10-04 19:01:34,111 - net_manager - INFO - 等待 30 秒后进行下次收集...
2025-10-04 19:02:04,111 - net_manager - INFO - 开始收集系统信息...
2025-10-04 19:02:04,112 - net_manager - INFO - 成功获取主机名: Jungle-Desktop
2025-10-04 19:02:04,112 - net_manager - INFO - 成功获取IP地址: 192.168.31.249
2025-10-04 19:02:04,112 - net_manager - INFO - 成功获取MAC地址: 65:96:58:60:82:0b
2025-10-04 19:02:04,114 - net_manager - INFO - 成功获取服务信息，共 152 个服务
2025-10-04 19:02:04,699 - net_manager - INFO - 成功获取进程信息，共 306 个进程
2025-10-04 19:02:04,707 - net_manager - INFO - 系统信息保存成功
2025-10-04 19:02:04,707 - net_manager - INFO - 系统信息已保存到数据库
2025-10-04 19:02:04,708 - net_manager - INFO - 数据已通过广播发送到端口 12306
2025-10-04 19:02:04,708 - net_manager - INFO - 等待 30 秒后进行下次收集...
2025-10-04 19:02:34,708 - net_manager - INFO - 开始收集系统信息...
2025-10-04 19:02:34,708 - net_manager - INFO - 成功获取主机名: Jungle-Desktop
2025-10-04 19:02:34,709 - net_manager - INFO - 成功获取IP地址: 192.168.31.249
2025-10-04 19:02:34,709 - net_manager - INFO - 成功获取MAC地址: 65:96:58:60:82:0b
2025-10-04 19:02:34,710 - net_manager - INFO - 成功获取服务信息，共 156 个服务
2025-10-04 19:02:35,327 - net_manager - INFO - 成功获取进程信息，共 309 个进程
2025-10-04 19:02:35,336 - net_manager - INFO - 系统信息保存成功
2025-10-04 19:02:35,336 - net_manager - INFO - 系统信息已保存到数据库
2025-10-04 19:02:35,336 - net_manager - INFO - 数据已通过广播发送到端口 12306
2025-10-04 19:02:35,336 - net_manager - INFO - 等待 30 秒后进行下次收集...
2025-10-04 19:03:05,337 - net_manager - INFO - 开始收集系统信息...
2025-10-04 19:03:05,338 - net_manager - INFO - 成功获取主机名: Jungle-Desktop
2025-10-04 19:03:05,338 - net_manager - INFO - 成功获取IP地址: 192.168.31.249
2025-10-04 19:03:05,338 - net_manager - INFO - 成功获取MAC地址: 65:96:58:60:82:0b
2025-10-04 19:03:05,339 - net_manager - INFO - 成功获取服务信息，共 150 个服务
2025-10-04 19:03:05,968 - net_manager - INFO - 成功获取进程信息，共 310 个进程
2025-10-04 19:03:05,976 - net_manager - INFO - 系统信息保存成功
2025-10-04 19:03:05,976 - net_manager - INFO - 系统信息已保存到数据库
2025-10-04 19:03:05,977 - net_manager - INFO - 数据已通过广播发送到端口 12306
2025-10-04 19:03:05,977 - net_manager - INFO - 等待 30 秒后进行下次收集...
2025-10-04 19:03:35,977 - net_manager - INFO - 开始收集系统信息...
2025-10-04 19:03:35,978 - net_manager - INFO - 成功获取主机名: Jungle-Desktop
2025-10-04 19:03:35,978 - net_manager - INFO - 成功获取IP地址: 192.168.31.249
2025-10-04 19:03:35,978 - net_manager - INFO - 成功获取MAC地址: 65:96:58:60:82:0b
2025-10-04 19:03:35,980 - net_manager - INFO - 成功获取服务信息，共 154 个服务
2025-10-04 19:03:36,579 - net_manager - INFO - 成功获取进程信息，共 306 个进程
2025-10-04 19:03:36,587 - net_manager - INFO - 系统信息保存成功
2025-10-04 19:03:36,587 - net_manager - INFO - 系统信息已保存到数据库
2025-10-04 19:03:36,588 - net_manager - INFO - 数据已通过广播发送到端口 12306
2025-10-04 19:03:36,588 - net_manager - INFO - 等待 30 秒后进行下次收集...
2025-10-04 19:04:06,588 - net_manager - INFO - 开始收集系统信息...
2025-10-04 19:04:06,588 - net_manager - INFO - 成功获取主机名: Jungle-Desktop
2025-10-04 19:04:06,589 - net_manager - INFO - 成功获取IP地址: 192.168.31.249
2025-10-04 19:04:06,589 - net_manager - INFO - 成功获取MAC地址: 65:96:58:60:82:0b
2025-10-04 19:04:06,591 - net_manager - INFO - 成功获取服务信息，共 152 个服务
2025-10-04 19:04:07,189 - net_manager - INFO - 成功获取进程信息，共 305 个进程
2025-10-04 19:04:07,198 - net_manager - INFO - 系统信息保存成功
2025-10-04 19:04:07,198 - net_manager - INFO - 系统信息已保存到数据库
2025-10-04 19:04:07,199 - net_manager - INFO - 数据已通过广播发送到端口 12306
2025-10-04 19:04:07,199 - net_manager - INFO - 等待 30 秒后进行下次收集...
2025-10-04 19:04:37,199 - net_manager - INFO - 开始收集系统信息...
2025-10-04 19:04:37,200 - net_manager - INFO - 成功获取主机名: Jungle-Desktop
2025-10-04 19:04:37,200 - net_manager - INFO - 成功获取IP地址: 192.168.31.249
2025-10-04 19:04:37,200 - net_manager - INFO - 成功获取MAC地址: 65:96:58:60:82:0b
2025-10-04 19:04:37,202 - net_manager - INFO - 成功获取服务信息，共 154 个服务
2025-10-04 19:04:37,788 - net_manager - INFO - 成功获取进程信息，共 305 个进程
2025-10-04 19:04:37,795 - net_manager - INFO - 系统信息保存成功
2025-10-04 19:04:37,795 - net_manager - INFO - 系统信息已保存到数据库
2025-10-04 19:04:37,796 - net_manager - INFO - 数据已通过广播发送到端口 12306
2025-10-04 19:04:37,796 - net_manager - INFO - 等待 30 秒后进行下次收集...
2025-10-04 19:05:07,797 - net_manager - INFO - 开始收集系统信息...
2025-10-04 19:05:07,797 - net_manager - INFO - 成功获取主机名: Jungle-Desktop
2025-10-04 19:05:07,797 - net_manager - INFO - 成功获取IP地址: 192.168.31.249
2025-10-04 19:05:07,797 - net_manager - INFO - 成功获取MAC地址: 65:96:58:60:82:0b
2025-10-04 19:05:07,799 - net_manager - INFO - 成功获取服务信息，共 150 个服务
2025-10-04 19:05:08,387 - net_manager - INFO - 成功获取进程信息，共 305 个进程
2025-10-04 19:05:08,395 - net_manager - INFO - 系统信息保存成功
2025-10-04 19:05:08,395 - net_manager - INFO - 系统信息已保存到数据库
2025-10-04 19:05:08,395 - net_manager - INFO - 数据已通过广播发送到端口 12306
2025-10-04 19:05:08,396 - net_manager - INFO - 等待 30 秒后进行下次收集...
2025-10-04 19:05:38,396 - net_manager - INFO - 开始收集系统信息...
2025-10-04 19:05:38,396 - net_manager - INFO - 成功获取主机名: Jungle-Desktop
2025-10-04 19:05:38,396 - net_manager - INFO - 成功获取IP地址: 192.168.31.249
2025-10-04 19:05:38,397 - net_manager - INFO - 成功获取MAC地址: 65:96:58:60:82:0b
2025-10-04 19:05:38,398 - net_manager - INFO - 成功获取服务信息，共 150 个服务
2025-10-04 19:05:38,981 - net_manager - INFO - 成功获取进程信息，共 305 个进程
2025-10-04 19:05:38,990 - net_manager - INFO - 系统信息保存成功
2025-10-04 19:05:38,990 - net_manager - INFO - 系统信息已保存到数据库
2025-10-04 19:05:38,990 - net_manager - INFO - 数据已通过广播发送到端口 12306
2025-10-04 19:05:38,990 - net_manager - INFO - 等待 30 秒后进行下次收集...
2025-10-04 19:06:08,991 - net_manager - INFO - 开始收集系统信息...
2025-10-04 19:06:08,991 - net_manager - INFO - 成功获取主机名: Jungle-Desktop
2025-10-04 19:06:08,991 - net_manager - INFO - 成功获取IP地址: 192.168.31.249
2025-10-04 19:06:08,991 - net_manager - INFO - 成功获取MAC地址: 65:96:58:60:82:0b
2025-10-04 19:06:08,993 - net_manager - INFO - 成功获取服务信息，共 150 个服务
2025-10-04 19:06:09,582 - net_manager - INFO - 成功获取进程信息，共 305 个进程
2025-10-04 19:06:09,590 - net_manager - INFO - 系统信息保存成功
2025-10-04 19:06:09,590 - net_manager - INFO - 系统信息已保存到数据库
2025-10-04 19:06:09,591 - net_manager - INFO - 数据已通过广播发送到端口 12306
2025-10-04 19:06:09,591 - net_manager - INFO - 等待 30 秒后进行下次收集...
2025-10-04 19:06:39,592 - net_manager - INFO - 开始收集系统信息...
2025-10-04 19:06:39,592 - net_manager - INFO - 成功获取主机名: Jungle-Desktop
2025-10-04 19:06:39,592 - net_manager - INFO - 成功获取IP地址: 192.168.31.249
2025-10-04 19:06:39,592 - net_manager - INFO - 成功获取MAC地址: 65:96:58:60:82:0b
2025-10-04 19:06:39,594 - net_manager - INFO - 成功获取服务信息，共 152 个服务
2025-10-04 19:06:40,178 - net_manager - INFO - 成功获取进程信息，共 305 个进程
2025-10-04 19:06:40,186 - net_manager - INFO - 系统信息保存成功
2025-10-04 19:06:40,186 - net_manager - INFO - 系统信息已保存到数据库
2025-10-04 19:06:40,187 - net_manager - INFO - 数据已通过广播发送到端口 12306
2025-10-04 19:06:40,187 - net_manager - INFO - 等待 30 秒后进行下次收集...
2025-10-04 19:07:10,187 - net_manager - INFO - 开始收集系统信息...
2025-10-04 19:07:10,187 - net_manager - INFO - 成功获取主机名: Jungle-Desktop
2025-10-04 19:07:10,188 - net_manager - INFO - 成功获取IP地址: 192.168.31.249
2025-10-04 19:07:10,188 - net_manager - INFO - 成功获取MAC地址: 65:96:58:60:82:0b
2025-10-04 19:07:10,189 - net_manager - INFO - 成功获取服务信息，共 152 个服务
2025-10-04 19:07:10,810 - net_manager - INFO - 成功获取进程信息，共 311 个进程
2025-10-04 19:07:10,818 - net_manager - INFO - 系统信息保存成功
2025-10-04 19:07:10,818 - net_manager - INFO - 系统信息已保存到数据库
2025-10-04 19:07:10,819 - net_manager - INFO - 数据已通过广播发送到端口 12306
2025-10-04 19:07:10,819 - net_manager - INFO - 等待 30 秒后进行下次收集...
2025-10-04 19:07:40,819 - net_manager - INFO - 开始收集系统信息...
2025-10-04 19:07:40,820 - net_manager - INFO - 成功获取主机名: Jungle-Desktop
2025-10-04 19:07:40,820 - net_manager - INFO - 成功获取IP地址: 192.168.31.249
2025-10-04 19:07:40,820 - net_manager - INFO - 成功获取MAC地址: 65:96:58:60:82:0b
2025-10-04 19:07:40,822 - net_manager - INFO - 成功获取服务信息，共 150 个服务
2025-10-04 19:07:41,440 - net_manager - INFO - 成功获取进程信息，共 312 个进程
2025-10-04 19:07:41,447 - net_manager - INFO - 系统信息保存成功
2025-10-04 19:07:41,447 - net_manager - INFO - 系统信息已保存到数据库
2025-10-04 19:07:41,448 - net_manager - INFO - 数据已通过广播发送到端口 12306
2025-10-04 19:07:41,448 - net_manager - INFO - 等待 30 秒后进行下次收集...
2025-10-04 19:08:11,448 - net_manager - INFO - 开始收集系统信息...
2025-10-04 19:08:11,449 - net_manager - INFO - 成功获取主机名: Jungle-Desktop
2025-10-04 19:08:11,449 - net_manager - INFO - 成功获取IP地址: 192.168.31.249
2025-10-04 19:08:11,449 - net_manager - INFO - 成功获取MAC地址: 65:96:58:60:82:0b
2025-10-04 19:08:11,450 - net_manager - INFO - 成功获取服务信息，共 153 个服务
2025-10-04 19:08:12,052 - net_manager - INFO - 成功获取进程信息，共 312 个进程
2025-10-04 19:08:12,060 - net_manager - INFO - 系统信息保存成功
2025-10-04 19:08:12,060 - net_manager - INFO - 系统信息已保存到数据库
2025-10-04 19:08:12,061 - net_manager - INFO - 数据已通过广播发送到端口 12306
2025-10-04 19:08:12,061 - net_manager - INFO - 等待 30 秒后进行下次收集...
2025-10-04 19:08:42,061 - net_manager - INFO - 开始收集系统信息...
2025-10-04 19:08:42,062 - net_manager - INFO - 成功获取主机名: Jungle-Desktop
2025-10-04 19:08:42,062 - net_manager - INFO - 成功获取IP地址: 192.168.31.249
2025-10-04 19:08:42,062 - net_manager - INFO - 成功获取MAC地址: 65:96:58:60:82:0b
2025-10-04 19:08:42,064 - net_manager - INFO - 成功获取服务信息，共 152 个服务
2025-10-04 19:08:42,648 - net_manager - INFO - 成功获取进程信息，共 306 个进程
2025-10-04 19:08:42,657 - net_manager - INFO - 系统信息保存成功
2025-10-04 19:08:42,657 - net_manager - INFO - 系统信息已保存到数据库
2025-10-04 19:08:42,657 - net_manager - INFO - 数据已通过广播发送到端口 12306
2025-10-04 19:08:42,657 - net_manager - INFO - 等待 30 秒后进行下次收集...
2025-10-04 19:09:12,658 - net_manager - INFO - 开始收集系统信息...
2025-10-04 19:09:12,658 - net_manager - INFO - 成功获取主机名: Jungle-Desktop
2025-10-04 19:09:12,658 - net_manager - INFO - 成功获取IP地址: 192.168.31.249
2025-10-04 19:09:12,658 - net_manager - INFO - 成功获取MAC地址: 65:96:58:60:82:0b
2025-10-04 19:09:12,660 - net_manager - INFO - 成功获取服务信息，共 154 个服务
2025-10-04 19:09:13,253 - net_manager - INFO - 成功获取进程信息，共 306 个进程
2025-10-04 19:09:13,261 - net_manager - INFO - 系统信息保存成功
2025-10-04 19:09:13,261 - net_manager - INFO - 系统信息已保存到数据库
2025-10-04 19:09:13,262 - net_manager - INFO - 数据已通过广播发送到端口 12306
2025-10-04 19:09:13,262 - net_manager - INFO - 等待 30 秒后进行下次收集...
2025-10-04 19:09:43,262 - net_manager - INFO - 开始收集系统信息...
2025-10-04 19:09:43,263 - net_manager - INFO - 成功获取主机名: Jungle-Desktop
2025-10-04 19:09:43,263 - net_manager - INFO - 成功获取IP地址: 192.168.31.249
2025-10-04 19:09:43,263 - net_manager - INFO - 成功获取MAC地址: 65:96:58:60:82:0b
2025-10-04 19:09:43,265 - net_manager - INFO - 成功获取服务信息，共 154 个服务
2025-10-04 19:09:43,848 - net_manager - INFO - 成功获取进程信息，共 306 个进程
2025-10-04 19:09:43,856 - net_manager - INFO - 系统信息保存成功
2025-10-04 19:09:43,856 - net_manager - INFO - 系统信息已保存到数据库
2025-10-04 19:09:43,856 - net_manager - INFO - 数据已通过广播发送到端口 12306
2025-10-04 19:09:43,857 - net_manager - INFO - 等待 30 秒后进行下次收集...
2025-10-04 19:10:13,857 - net_manager - INFO - 开始收集系统信息...
2025-10-04 19:10:13,857 - net_manager - INFO - 成功获取主机名: Jungle-Desktop
2025-10-04 19:10:13,858 - net_manager - INFO - 成功获取IP地址: 192.168.31.249
2025-10-04 19:10:13,858 - net_manager - INFO - 成功获取MAC地址: 65:96:58:60:82:0b
2025-10-04 19:10:13,859 - net_manager - INFO - 成功获取服务信息，共 154 个服务
2025-10-04 19:10:14,449 - net_manager - INFO - 成功获取进程信息，共 305 个进程
2025-10-04 19:10:14,459 - net_manager - INFO - 系统信息保存成功
2025-10-04 19:10:14,459 - net_manager - INFO - 系统信息已保存到数据库
2025-10-04 19:10:14,459 - net_manager - INFO - 数据已通过广播发送到端口 12306
2025-10-04 19:10:14,459 - net_manager - INFO - 等待 30 秒后进行下次收集...
2025-10-04 19:10:44,460 - net_manager - INFO - 开始收集系统信息...
2025-10-04 19:10:44,460 - net_manager - INFO - 成功获取主机名: Jungle-Desktop
2025-10-04 19:10:44,461 - net_manager - INFO - 成功获取IP地址: 192.168.31.249
2025-10-04 19:10:44,461 - net_manager - INFO - 成功获取MAC地址: 65:96:58:60:82:0b
2025-10-04 19:10:44,462 - net_manager - INFO - 成功获取服务信息，共 154 个服务
2025-10-04 19:10:45,044 - net_manager - INFO - 成功获取进程信息，共 305 个进程
2025-10-04 19:10:45,053 - net_manager - INFO - 系统信息保存成功
2025-10-04 19:10:45,053 - net_manager - INFO - 系统信息已保存到数据库
2025-10-04 19:10:45,054 - net_manager - INFO - 数据已通过广播发送到端口 12306
2025-10-04 19:10:45,054 - net_manager - INFO - 等待 30 秒后进行下次收集...
2025-10-04 19:11:15,054 - net_manager - INFO - 开始收集系统信息...
2025-10-04 19:11:15,055 - net_manager - INFO - 成功获取主机名: Jungle-Desktop
2025-10-04 19:11:15,055 - net_manager - INFO - 成功获取IP地址: 192.168.31.249
2025-10-04 19:11:15,055 - net_manager - INFO - 成功获取MAC地址: 65:96:58:60:82:0b
2025-10-04 19:11:15,057 - net_manager - INFO - 成功获取服务信息，共 152 个服务
2025-10-04 19:11:15,655 - net_manager - INFO - 成功获取进程信息，共 305 个进程
2025-10-04 19:11:15,663 - net_manager - INFO - 系统信息保存成功
2025-10-04 19:11:15,663 - net_manager - INFO - 系统信息已保存到数据库
2025-10-04 19:11:15,664 - net_manager - INFO - 数据已通过广播发送到端口 12306
2025-10-04 19:11:15,664 - net_manager - INFO - 等待 30 秒后进行下次收集...
2025-10-04 19:11:45,664 - net_manager - INFO - 开始收集系统信息...
2025-10-04 19:11:45,665 - net_manager - INFO - 成功获取主机名: Jungle-Desktop
2025-10-04 19:11:45,665 - net_manager - INFO - 成功获取IP地址: 192.168.31.249
2025-10-04 19:11:45,665 - net_manager - INFO - 成功获取MAC地址: 65:96:58:60:82:0b
2025-10-04 19:11:45,666 - net_manager - INFO - 成功获取服务信息，共 154 个服务
2025-10-04 19:11:46,269 - net_manager - INFO - 成功获取进程信息，共 306 个进程
2025-10-04 19:11:46,278 - net_manager - INFO - 系统信息保存成功
2025-10-04 19:11:46,278 - net_manager - INFO - 系统信息已保存到数据库
2025-10-04 19:11:46,278 - net_manager - INFO - 数据已通过广播发送到端口 12306
2025-10-04 19:11:46,278 - net_manager - INFO - 等待 30 秒后进行下次收集...
2025-10-04 19:12:16,279 - net_manager - INFO - 开始收集系统信息...
2025-10-04 19:12:16,279 - net_manager - INFO - 成功获取主机名: Jungle-Desktop
2025-10-04 19:12:16,279 - net_manager - INFO - 成功获取IP地址: 192.168.31.249
2025-10-04 19:12:16,279 - net_manager - INFO - 成功获取MAC地址: 65:96:58:60:82:0b
2025-10-04 19:12:16,281 - net_manager - INFO - 成功获取服务信息，共 156 个服务
2025-10-04 19:12:16,897 - net_manager - INFO - 成功获取进程信息，共 309 个进程
2025-10-04 19:12:16,906 - net_manager - INFO - 系统信息保存成功
2025-10-04 19:12:16,906 - net_manager - INFO - 系统信息已保存到数据库
2025-10-04 19:12:16,907 - net_manager - INFO - 数据已通过广播发送到端口 12306
2025-10-04 19:12:16,907 - net_manager - INFO - 等待 30 秒后进行下次收集...
2025-10-04 19:12:46,907 - net_manager - INFO - 开始收集系统信息...
2025-10-04 19:12:46,908 - net_manager - INFO - 成功获取主机名: Jungle-Desktop
2025-10-04 19:12:46,908 - net_manager - INFO - 成功获取IP地址: 192.168.31.249
2025-10-04 19:12:46,908 - net_manager - INFO - 成功获取MAC地址: 65:96:58:60:82:0b
2025-10-04 19:12:46,910 - net_manager - INFO - 成功获取服务信息，共 154 个服务
2025-10-04 19:12:47,510 - net_manager - INFO - 成功获取进程信息，共 307 个进程
2025-10-04 19:12:47,518 - net_manager - INFO - 系统信息保存成功
2025-10-04 19:12:47,518 - net_manager - INFO - 系统信息已保存到数据库
2025-10-04 19:12:47,519 - net_manager - INFO - 数据已通过广播发送到端口 12306
2025-10-04 19:12:47,519 - net_manager - INFO - 等待 30 秒后进行下次收集...
2025-10-04 19:13:17,519 - net_manager - INFO - 开始收集系统信息...
2025-10-04 19:13:17,519 - net_manager - INFO - 成功获取主机名: Jungle-Desktop
2025-10-04 19:13:17,520 - net_manager - INFO - 成功获取IP地址: 192.168.31.249
2025-10-04 19:13:17,520 - net_manager - INFO - 成功获取MAC地址: 65:96:58:60:82:0b
2025-10-04 19:13:17,521 - net_manager - INFO - 成功获取服务信息，共 158 个服务
2025-10-04 19:13:18,109 - net_manager - INFO - 成功获取进程信息，共 307 个进程
2025-10-04 19:13:18,118 - net_manager - INFO - 系统信息保存成功
2025-10-04 19:13:18,118 - net_manager - INFO - 系统信息已保存到数据库
2025-10-04 19:13:18,119 - net_manager - INFO - 数据已通过广播发送到端口 12306
2025-10-04 19:13:18,119 - net_manager - INFO - 等待 30 秒后进行下次收集...
2025-10-04 19:13:48,119 - net_manager - INFO - 开始收集系统信息...
2025-10-04 19:13:48,119 - net_manager - INFO - 成功获取主机名: Jungle-Desktop
2025-10-04 19:13:48,119 - net_manager - INFO - 成功获取IP地址: 192.168.31.249
2025-10-04 19:13:48,120 - net_manager - INFO - 成功获取MAC地址: 65:96:58:60:82:0b
2025-10-04 19:13:48,121 - net_manager - INFO - 成功获取服务信息，共 160 个服务
2025-10-04 19:13:48,712 - net_manager - INFO - 成功获取进程信息，共 307 个进程
2025-10-04 19:13:48,720 - net_manager - INFO - 系统信息保存成功
2025-10-04 19:13:48,720 - net_manager - INFO - 系统信息已保存到数据库
2025-10-04 19:13:48,721 - net_manager - INFO - 数据已通过广播发送到端口 12306
2025-10-04 19:13:48,721 - net_manager - INFO - 等待 30 秒后进行下次收集...
2025-10-04 19:14:18,721 - net_manager - INFO - 开始收集系统信息...
2025-10-04 19:14:18,721 - net_manager - INFO - 成功获取主机名: Jungle-Desktop
2025-10-04 19:14:18,722 - net_manager - INFO - 成功获取IP地址: 192.168.31.249
2025-10-04 19:14:18,722 - net_manager - INFO - 成功获取MAC地址: 65:96:58:60:82:0b
2025-10-04 19:14:18,723 - net_manager - INFO - 成功获取服务信息，共 154 个服务
2025-10-04 19:14:19,310 - net_manager - INFO - 成功获取进程信息，共 306 个进程
2025-10-04 19:14:19,320 - net_manager - INFO - 系统信息保存成功
2025-10-04 19:14:19,320 - net_manager - INFO - 系统信息已保存到数据库
2025-10-04 19:14:19,321 - net_manager - INFO - 数据已通过广播发送到端口 12306
2025-10-04 19:14:19,321 - net_manager - INFO - 等待 30 秒后进行下次收集...
2025-10-04 19:14:49,321 - net_manager - INFO - 开始收集系统信息...
2025-10-04 19:14:49,321 - net_manager - INFO - 成功获取主机名: Jungle-Desktop
2025-10-04 19:14:49,321 - net_manager - INFO - 成功获取IP地址: 192.168.31.249
2025-10-04 19:14:49,322 - net_manager - INFO - 成功获取MAC地址: 65:96:58:60:82:0b
2025-10-04 19:14:49,323 - net_manager - INFO - 成功获取服务信息，共 156 个服务
2025-10-04 19:14:49,904 - net_manager - INFO - 成功获取进程信息，共 306 个进程
2025-10-04 19:14:49,913 - net_manager - INFO - 系统信息保存成功
2025-10-04 19:14:49,913 - net_manager - INFO - 系统信息已保存到数据库
2025-10-04 19:14:49,913 - net_manager - INFO - 数据已通过广播发送到端口 12306
2025-10-04 19:14:49,913 - net_manager - INFO - 等待 30 秒后进行下次收集...
2025-10-04 19:15:19,914 - net_manager - INFO - 开始收集系统信息...
2025-10-04 19:15:19,914 - net_manager - INFO - 成功获取主机名: Jungle-Desktop
2025-10-04 19:15:19,915 - net_manager - INFO - 成功获取IP地址: 192.168.31.249
2025-10-04 19:15:19,915 - net_manager - INFO - 成功获取MAC地址: 65:96:58:60:82:0b
2025-10-04 19:15:19,916 - net_manager - INFO - 成功获取服务信息，共 154 个服务
2025-10-04 19:15:20,491 - net_manager - INFO - 成功获取进程信息，共 305 个进程
2025-10-04 19:15:20,499 - net_manager - INFO - 系统信息保存成功
2025-10-04 19:15:20,499 - net_manager - INFO - 系统信息已保存到数据库
2025-10-04 19:15:20,500 - net_manager - INFO - 数据已通过广播发送到端口 12306
2025-10-04 19:15:20,500 - net_manager - INFO - 等待 30 秒后进行下次收集...
2025-10-04 19:15:50,500 - net_manager - INFO - 开始收集系统信息...
2025-10-04 19:15:50,501 - net_manager - INFO - 成功获取主机名: Jungle-Desktop
2025-10-04 19:15:50,501 - net_manager - INFO - 成功获取IP地址: 192.168.31.249
2025-10-04 19:15:50,501 - net_manager - INFO - 成功获取MAC地址: 65:96:58:60:82:0b
2025-10-04 19:15:50,502 - net_manager - INFO - 成功获取服务信息，共 154 个服务
2025-10-04 19:15:51,084 - net_manager - INFO - 成功获取进程信息，共 305 个进程
2025-10-04 19:15:51,092 - net_manager - INFO - 系统信息保存成功
2025-10-04 19:15:51,092 - net_manager - INFO - 系统信息已保存到数据库
2025-10-04 19:15:51,092 - net_manager - INFO - 数据已通过广播发送到端口 12306
2025-10-04 19:15:51,093 - net_manager - INFO - 等待 30 秒后进行下次收集...
2025-10-04 19:16:21,093 - net_manager - INFO - 开始收集系统信息...
2025-10-04 19:16:21,093 - net_manager - INFO - 成功获取主机名: Jungle-Desktop
2025-10-04 19:16:21,094 - net_manager - INFO - 成功获取IP地址: 192.168.31.249
2025-10-04 19:16:21,094 - net_manager - INFO - 成功获取MAC地址: 65:96:58:60:82:0b
2025-10-04 19:16:21,095 - net_manager - INFO - 成功获取服务信息，共 154 个服务
2025-10-04 19:16:21,690 - net_manager - INFO - 成功获取进程信息，共 306 个进程
2025-10-04 19:16:21,699 - net_manager - INFO - 系统信息保存成功
2025-10-04 19:16:21,699 - net_manager - INFO - 系统信息已保存到数据库
2025-10-04 19:16:21,699 - net_manager - INFO - 数据已通过广播发送到端口 12306
2025-10-04 19:16:21,699 - net_manager - INFO - 等待 30 秒后进行下次收集...
2025-10-04 19:16:51,700 - net_manager - INFO - 开始收集系统信息...
2025-10-04 19:16:51,700 - net_manager - INFO - 成功获取主机名: Jungle-Desktop
2025-10-04 19:16:51,700 - net_manager - INFO - 成功获取IP地址: 192.168.31.249
2025-10-04 19:16:51,701 - net_manager - INFO - 成功获取MAC地址: 65:96:58:60:82:0b
2025-10-04 19:16:51,702 - net_manager - INFO - 成功获取服务信息，共 152 个服务
2025-10-04 19:16:52,288 - net_manager - INFO - 成功获取进程信息，共 306 个进程
2025-10-04 19:16:52,296 - net_manager - INFO - 系统信息保存成功
2025-10-04 19:16:52,296 - net_manager - INFO - 系统信息已保存到数据库
2025-10-04 19:16:52,297 - net_manager - INFO - 数据已通过广播发送到端口 12306
2025-10-04 19:16:52,297 - net_manager - INFO - 等待 30 秒后进行下次收集...
2025-10-04 19:17:22,298 - net_manager - INFO - 开始收集系统信息...
2025-10-04 19:17:22,298 - net_manager - INFO - 成功获取主机名: Jungle-Desktop
2025-10-04 19:17:22,298 - net_manager - INFO - 成功获取IP地址: 192.168.31.249
2025-10-04 19:17:22,298 - net_manager - INFO - 成功获取MAC地址: 65:96:58:60:82:0b
2025-10-04 19:17:22,300 - net_manager - INFO - 成功获取服务信息，共 152 个服务
2025-10-04 19:17:22,879 - net_manager - INFO - 成功获取进程信息，共 304 个进程
2025-10-04 19:17:22,887 - net_manager - INFO - 系统信息保存成功
2025-10-04 19:17:22,887 - net_manager - INFO - 系统信息已保存到数据库
2025-10-04 19:17:22,888 - net_manager - INFO - 数据已通过广播发送到端口 12306
2025-10-04 19:17:22,888 - net_manager - INFO - 等待 30 秒后进行下次收集...
2025-10-04 19:17:52,888 - net_manager - INFO - 开始收集系统信息...
2025-10-04 19:17:52,888 - net_manager - INFO - 成功获取主机名: Jungle-Desktop
2025-10-04 19:17:52,889 - net_manager - INFO - 成功获取IP地址: 192.168.31.249
2025-10-04 19:17:52,889 - net_manager - INFO - 成功获取MAC地址: 65:96:58:60:82:0b
2025-10-04 19:17:52,890 - net_manager - INFO - 成功获取服务信息，共 152 个服务
2025-10-04 19:17:53,474 - net_manager - INFO - 成功获取进程信息，共 304 个进程
2025-10-04 19:17:53,482 - net_manager - INFO - 系统信息保存成功
2025-10-04 19:17:53,482 - net_manager - INFO - 系统信息已保存到数据库
2025-10-04 19:17:53,482 - net_manager - INFO - 数据已通过广播发送到端口 12306
2025-10-04 19:17:53,482 - net_manager - INFO - 等待 30 秒后进行下次收集...
2025-10-04 19:18:23,482 - net_manager - INFO - 开始收集系统信息...
2025-10-04 19:18:23,483 - net_manager - INFO - 成功获取主机名: Jungle-Desktop
2025-10-04 19:18:23,483 - net_manager - INFO - 成功获取IP地址: 192.168.31.249
2025-10-04 19:18:23,483 - net_manager - INFO - 成功获取MAC地址: 65:96:58:60:82:0b
2025-10-04 19:18:23,485 - net_manager - INFO - 成功获取服务信息，共 154 个服务
2025-10-04 19:18:24,066 - net_manager - INFO - 成功获取进程信息，共 304 个进程
2025-10-04 19:18:24,075 - net_manager - INFO - 系统信息保存成功
2025-10-04 19:18:24,075 - net_manager - INFO - 系统信息已保存到数据库
2025-10-04 19:18:24,076 - net_manager - INFO - 数据已通过广播发送到端口 12306
2025-10-04 19:18:24,076 - net_manager - INFO - 等待 30 秒后进行下次收集...
2025-10-04 19:18:54,076 - net_manager - INFO - 开始收集系统信息...
2025-10-04 19:18:54,077 - net_manager - INFO - 成功获取主机名: Jungle-Desktop
2025-10-04 19:18:54,077 - net_manager - INFO - 成功获取IP地址: 192.168.31.249
2025-10-04 19:18:54,077 - net_manager - INFO - 成功获取MAC地址: 65:96:58:60:82:0b
2025-10-04 19:18:54,079 - net_manager - INFO - 成功获取服务信息，共 154 个服务
2025-10-04 19:18:54,666 - net_manager - INFO - 成功获取进程信息，共 304 个进程
2025-10-04 19:18:54,674 - net_manager - INFO - 系统信息保存成功
2025-10-04 19:18:54,674 - net_manager - INFO - 系统信息已保存到数据库
2025-10-04 19:18:54,675 - net_manager - INFO - 数据已通过广播发送到端口 12306
2025-10-04 19:18:54,675 - net_manager - INFO - 等待 30 秒后进行下次收集...
2025-10-04 19:19:24,675 - net_manager - INFO - 开始收集系统信息...
2025-10-04 19:19:24,675 - net_manager - INFO - 成功获取主机名: Jungle-Desktop
2025-10-04 19:19:24,675 - net_manager - INFO - 成功获取IP地址: 192.168.31.249
2025-10-04 19:19:24,676 - net_manager - INFO - 成功获取MAC地址: 65:96:58:60:82:0b
2025-10-04 19:19:24,677 - net_manager - INFO - 成功获取服务信息，共 152 个服务
2025-10-04 19:19:25,260 - net_manager - INFO - 成功获取进程信息，共 305 个进程
2025-10-04 19:19:25,268 - net_manager - INFO - 系统信息保存成功
2025-10-04 19:19:25,268 - net_manager - INFO - 系统信息已保存到数据库
2025-10-04 19:19:25,268 - net_manager - INFO - 数据已通过广播发送到端口 12306
2025-10-04 19:19:25,269 - net_manager - INFO - 等待 30 秒后进行下次收集...
2025-10-04 19:19:55,269 - net_manager - INFO - 开始收集系统信息...
2025-10-04 19:19:55,269 - net_manager - INFO - 成功获取主机名: Jungle-Desktop
2025-10-04 19:19:55,269 - net_manager - INFO - 成功获取IP地址: 192.168.31.249
2025-10-04 19:19:55,270 - net_manager - INFO - 成功获取MAC地址: 65:96:58:60:82:0b
2025-10-04 19:19:55,271 - net_manager - INFO - 成功获取服务信息，共 150 个服务
2025-10-04 19:19:55,856 - net_manager - INFO - 成功获取进程信息，共 305 个进程
2025-10-04 19:19:55,864 - net_manager - INFO - 系统信息保存成功
2025-10-04 19:19:55,864 - net_manager - INFO - 系统信息已保存到数据库
2025-10-04 19:19:55,865 - net_manager - INFO - 数据已通过广播发送到端口 12306
2025-10-04 19:19:55,865 - net_manager - INFO - 等待 30 秒后进行下次收集...
2025-10-04 19:20:25,865 - net_manager - INFO - 开始收集系统信息...
2025-10-04 19:20:25,866 - net_manager - INFO - 成功获取主机名: Jungle-Desktop
2025-10-04 19:20:25,866 - net_manager - INFO - 成功获取IP地址: 192.168.31.249
2025-10-04 19:20:25,866 - net_manager - INFO - 成功获取MAC地址: 65:96:58:60:82:0b
2025-10-04 19:20:25,867 - net_manager - INFO - 成功获取服务信息，共 150 个服务
2025-10-04 19:20:26,450 - net_manager - INFO - 成功获取进程信息，共 305 个进程
2025-10-04 19:20:26,459 - net_manager - INFO - 系统信息保存成功
2025-10-04 19:20:26,459 - net_manager - INFO - 系统信息已保存到数据库
2025-10-04 19:20:26,459 - net_manager - INFO - 数据已通过广播发送到端口 12306
2025-10-04 19:20:26,460 - net_manager - INFO - 等待 30 秒后进行下次收集...
2025-10-04 19:20:56,460 - net_manager - INFO - 开始收集系统信息...
2025-10-04 19:20:56,460 - net_manager - INFO - 成功获取主机名: Jungle-Desktop
2025-10-04 19:20:56,460 - net_manager - INFO - 成功获取IP地址: 192.168.31.249
2025-10-04 19:20:56,461 - net_manager - INFO - 成功获取MAC地址: 65:96:58:60:82:0b
2025-10-04 19:20:56,462 - net_manager - INFO - 成功获取服务信息，共 152 个服务
2025-10-04 19:20:57,051 - net_manager - INFO - 成功获取进程信息，共 305 个进程
2025-10-04 19:20:57,059 - net_manager - INFO - 系统信息保存成功
2025-10-04 19:20:57,059 - net_manager - INFO - 系统信息已保存到数据库
2025-10-04 19:20:57,059 - net_manager - INFO - 数据已通过广播发送到端口 12306
2025-10-04 19:20:57,059 - net_manager - INFO - 等待 30 秒后进行下次收集...
2025-10-04 19:21:27,060 - net_manager - INFO - 开始收集系统信息...
2025-10-04 19:21:27,060 - net_manager - INFO - 成功获取主机名: Jungle-Desktop
2025-10-04 19:21:27,060 - net_manager - INFO - 成功获取IP地址: 192.168.31.249
2025-10-04 19:21:27,060 - net_manager - INFO - 成功获取MAC地址: 65:96:58:60:82:0b
2025-10-04 19:21:27,062 - net_manager - INFO - 成功获取服务信息，共 150 个服务
2025-10-04 19:21:27,648 - net_manager - INFO - 成功获取进程信息，共 305 个进程
2025-10-04 19:21:27,656 - net_manager - INFO - 系统信息保存成功
2025-10-04 19:21:27,656 - net_manager - INFO - 系统信息已保存到数据库
2025-10-04 19:21:27,657 - net_manager - INFO - 数据已通过广播发送到端口 12306
2025-10-04 19:21:27,657 - net_manager - INFO - 等待 30 秒后进行下次收集...
2025-10-04 19:21:57,657 - net_manager - INFO - 开始收集系统信息...
2025-10-04 19:21:57,658 - net_manager - INFO - 成功获取主机名: Jungle-Desktop
2025-10-04 19:21:57,658 - net_manager - INFO - 成功获取IP地址: 192.168.31.249
2025-10-04 19:21:57,658 - net_manager - INFO - 成功获取MAC地址: 65:96:58:60:82:0b
2025-10-04 19:21:57,660 - net_manager - INFO - 成功获取服务信息，共 146 个服务
2025-10-04 19:21:58,251 - net_manager - INFO - 成功获取进程信息，共 307 个进程
2025-10-04 19:21:58,259 - net_manager - INFO - 系统信息保存成功
2025-10-04 19:21:58,259 - net_manager - INFO - 系统信息已保存到数据库
2025-10-04 19:21:58,259 - net_manager - INFO - 数据已通过广播发送到端口 12306
2025-10-04 19:21:58,259 - net_manager - INFO - 等待 30 秒后进行下次收集...
2025-10-04 19:22:28,260 - net_manager - INFO - 开始收集系统信息...
2025-10-04 19:22:28,260 - net_manager - INFO - 成功获取主机名: Jungle-Desktop
2025-10-04 19:22:28,260 - net_manager - INFO - 成功获取IP地址: 192.168.31.249
2025-10-04 19:22:28,260 - net_manager - INFO - 成功获取MAC地址: 65:96:58:60:82:0b
2025-10-04 19:22:28,262 - net_manager - INFO - 成功获取服务信息，共 150 个服务
2025-10-04 19:22:28,851 - net_manager - INFO - 成功获取进程信息，共 307 个进程
2025-10-04 19:22:28,859 - net_manager - INFO - 系统信息保存成功
2025-10-04 19:22:28,859 - net_manager - INFO - 系统信息已保存到数据库
2025-10-04 19:22:28,859 - net_manager - INFO - 数据已通过广播发送到端口 12306
2025-10-04 19:22:28,859 - net_manager - INFO - 等待 30 秒后进行下次收集...
2025-10-04 19:22:58,860 - net_manager - INFO - 开始收集系统信息...
2025-10-04 19:22:58,860 - net_manager - INFO - 成功获取主机名: Jungle-Desktop
2025-10-04 19:22:58,860 - net_manager - INFO - 成功获取IP地址: 192.168.31.249
2025-10-04 19:22:58,860 - net_manager - INFO - 成功获取MAC地址: 65:96:58:60:82:0b
2025-10-04 19:22:58,862 - net_manager - INFO - 成功获取服务信息，共 150 个服务
2025-10-04 19:22:59,460 - net_manager - INFO - 成功获取进程信息，共 306 个进程
2025-10-04 19:22:59,468 - net_manager - INFO - 系统信息保存成功
2025-10-04 19:22:59,468 - net_manager - INFO - 系统信息已保存到数据库
2025-10-04 19:22:59,469 - net_manager - INFO - 数据已通过广播发送到端口 12306
2025-10-04 19:22:59,469 - net_manager - INFO - 等待 30 秒后进行下次收集...
2025-10-04 19:23:29,469 - net_manager - INFO - 开始收集系统信息...
2025-10-04 19:23:29,469 - net_manager - INFO - 成功获取主机名: Jungle-Desktop
2025-10-04 19:23:29,470 - net_manager - INFO - 成功获取IP地址: 192.168.31.249
2025-10-04 19:23:29,470 - net_manager - INFO - 成功获取MAC地址: 65:96:58:60:82:0b
2025-10-04 19:23:29,472 - net_manager - INFO - 成功获取服务信息，共 154 个服务
2025-10-04 19:23:30,062 - net_manager - INFO - 成功获取进程信息，共 306 个进程
2025-10-04 19:23:30,071 - net_manager - INFO - 系统信息保存成功
2025-10-04 19:23:30,071 - net_manager - INFO - 系统信息已保存到数据库
2025-10-04 19:23:30,071 - net_manager - INFO - 数据已通过广播发送到端口 12306
2025-10-04 19:23:30,072 - net_manager - INFO - 等待 30 秒后进行下次收集...
2025-10-04 19:24:00,072 - net_manager - INFO - 开始收集系统信息...
2025-10-04 19:24:00,072 - net_manager - INFO - 成功获取主机名: Jungle-Desktop
2025-10-04 19:24:00,072 - net_manager - INFO - 成功获取IP地址: 192.168.31.249
2025-10-04 19:24:00,073 - net_manager - INFO - 成功获取MAC地址: 65:96:58:60:82:0b
2025-10-04 19:24:00,074 - net_manager - INFO - 成功获取服务信息，共 152 个服务
2025-10-04 19:24:00,656 - net_manager - INFO - 成功获取进程信息，共 307 个进程
2025-10-04 19:24:00,664 - net_manager - INFO - 系统信息保存成功
2025-10-04 19:24:00,665 - net_manager - INFO - 系统信息已保存到数据库
2025-10-04 19:24:00,665 - net_manager - INFO - 数据已通过广播发送到端口 12306
2025-10-04 19:24:00,665 - net_manager - INFO - 等待 30 秒后进行下次收集...
2025-10-04 19:24:13,525 - net_manager - INFO - 接收到终止信号，正在关闭程序...
2025-10-04 19:24:13,526 - net_manager - INFO - UDP套接字已关闭
2025-10-04 19:24:13,526 - net_manager - INFO - 程序已退出
2025-10-04 19:29:03,627 - net_manager - INFO - Net Manager ...
2025-10-04 19:29:03,628 - net_manager - INFO - ݿʼɹ
2025-10-04 19:29:03,628 - net_manager - INFO - ݿѰprocessesֶΣǨ
2025-10-04 19:29:03,629 - net_manager - INFO - UDPʼɣʹù㲥ģʽݵ˿: 12306
2025-10-04 19:29:03,629 - net_manager - INFO - ʼռϵͳϢ...
2025-10-04 19:29:03,629 - net_manager - INFO - ɹȡ: Jungle-Desktop
2025-10-04 19:29:03,629 - net_manager - INFO - ɹȡIPַ: 192.168.31.249
2025-10-04 19:29:03,629 - net_manager - INFO - ɹȡMACַ: 65:96:58:60:82:0b
2025-10-04 19:29:03,632 - net_manager - INFO - ɹȡϢ 156 
2025-10-04 19:29:04,532 - net_manager - INFO - ɹȡϢ 317 
2025-10-04 19:29:04,540 - net_manager - INFO - ϵͳϢɹ
2025-10-04 19:29:04,540 - net_manager - INFO - ϵͳϢѱ浽ݿ
2025-10-04 19:29:04,541 - net_manager - INFO - ͨ㲥͵˿ 12306
2025-10-04 19:29:04,541 - net_manager - INFO - ȴ 30 ´ռ...
2025-10-04 19:29:34,542 - net_manager - INFO - ʼռϵͳϢ...
2025-10-04 19:29:34,542 - net_manager - INFO - ɹȡ: Jungle-Desktop
2025-10-04 19:29:34,542 - net_manager - INFO - ɹȡIPַ: 192.168.31.249
2025-10-04 19:29:34,542 - net_manager - INFO - ɹȡMACַ: 65:96:58:60:82:0b
2025-10-04 19:29:34,544 - net_manager - INFO - ɹȡϢ 157 
2025-10-04 19:29:35,241 - net_manager - INFO - ɹȡϢ 315 
2025-10-04 19:29:35,269 - net_manager - INFO - ϵͳϢɹ
2025-10-04 19:29:35,269 - net_manager - INFO - ϵͳϢѱ浽ݿ
2025-10-04 19:29:35,270 - net_manager - INFO - ͨ㲥͵˿ 12306
2025-10-04 19:29:35,270 - net_manager - INFO - ȴ 30 ´ռ...
2025-10-04 19:29:45,823 - net_manager - INFO - յֹźţڹرճ...
2025-10-04 19:29:45,824 - net_manager - INFO - UDP׽ѹر
2025-10-04 19:29:45,824 - net_manager - INFO - ˳
2025-10-04 19:31:00,178 - net_manager - INFO - ݿʼɹ
2025-10-04 19:31:00,179 - net_manager - INFO - ݿѰprocessesֶΣǨ
2025-10-04 19:31:00,186 - net_manager - INFO - ϵͳϢɹݣֻµ5¼
2025-10-04 19:31:00,193 - net_manager - INFO - ϵͳϢɹݣֻµ5¼
2025-10-04 19:31:00,200 - net_manager - INFO - ϵͳϢɹݣֻµ5¼
2025-10-04 19:31:00,207 - net_manager - INFO - ϵͳϢɹݣֻµ5¼
2025-10-04 19:31:00,214 - net_manager - INFO - ϵͳϢɹݣֻµ5¼
2025-10-04 19:31:00,222 - net_manager - INFO - ϵͳϢɹݣֻµ5¼
2025-10-04 19:31:00,229 - net_manager - INFO - ϵͳϢɹݣֻµ5¼
2025-10-04 19:31:00,236 - net_manager - INFO - ϵͳϢɹݣֻµ5¼
2025-10-04 19:31:00,243 - net_manager - INFO - ϵͳϢɹݣֻµ5¼
2025-10-04 19:31:00,250 - net_manager - INFO - ϵͳϢɹݣֻµ5¼
2025-10-04 19:31:00,250 - net_manager - INFO - ɹȡϵͳϢ 5 ¼
2025-10-04 19:31:13,716 - net_manager - INFO - ݿʼɹ
2025-10-04 19:31:13,716 - net_manager - INFO - ݿѰprocessesֶΣǨ
2025-10-04 19:31:13,723 - net_manager - INFO - ϵͳϢɹݣֻµ5¼
2025-10-04 19:31:13,730 - net_manager - INFO - ϵͳϢɹݣֻµ5¼
2025-10-04 19:31:13,737 - net_manager - INFO - ϵͳϢɹݣֻµ5¼
2025-10-04 19:31:13,744 - net_manager - INFO - ϵͳϢɹݣֻµ5¼
2025-10-04 19:31:13,751 - net_manager - INFO - ϵͳϢɹݣֻµ5¼
2025-10-04 19:31:13,758 - net_manager - INFO - ϵͳϢɹݣֻµ5¼
2025-10-04 19:31:13,765 - net_manager - INFO - ϵͳϢɹݣֻµ5¼
2025-10-04 19:31:13,772 - net_manager - INFO - ϵͳϢɹݣֻµ5¼
2025-10-04 19:31:13,779 - net_manager - INFO - ϵͳϢɹݣֻµ5¼
2025-10-04 19:31:13,786 - net_manager - INFO - ϵͳϢɹݣֻµ5¼
2025-10-04 19:31:13,787 - net_manager - INFO - ɹȡϵͳϢ 5 ¼
2025-10-04 19:31:30,140 - net_manager - INFO - ݿʼɹ
2025-10-04 19:31:30,140 - net_manager - INFO - ݿѰprocessesֶΣǨ
2025-10-04 19:31:30,147 - net_manager - INFO - ϵͳϢɹݣֻµ5¼
2025-10-04 19:31:30,154 - net_manager - INFO - ϵͳϢɹݣֻµ5¼
2025-10-04 19:31:30,161 - net_manager - INFO - ϵͳϢɹݣֻµ5¼
2025-10-04 19:31:30,168 - net_manager - INFO - ϵͳϢɹݣֻµ5¼
2025-10-04 19:31:30,175 - net_manager - INFO - ϵͳϢɹݣֻµ5¼
2025-10-04 19:31:30,182 - net_manager - INFO - ϵͳϢɹݣֻµ5¼
2025-10-04 19:31:30,190 - net_manager - INFO - ϵͳϢɹݣֻµ5¼
2025-10-04 19:31:30,197 - net_manager - INFO - ϵͳϢɹݣֻµ5¼
2025-10-04 19:31:30,204 - net_manager - INFO - ϵͳϢɹݣֻµ5¼
2025-10-04 19:31:30,211 - net_manager - INFO - ϵͳϢɹݣֻµ5¼
2025-10-04 19:31:30,212 - net_manager - INFO - ɹȡϵͳϢ 5 ¼
2025-10-04 19:31:50,233 - net_manager - INFO - ݿʼɹ
2025-10-04 19:31:50,234 - net_manager - INFO - ݿѰprocessesֶΣǨ
2025-10-04 19:31:50,241 - net_manager - INFO - ϵͳϢɹݣֻµ5¼
2025-10-04 19:31:50,248 - net_manager - INFO - ϵͳϢɹݣֻµ5¼
2025-10-04 19:31:50,255 - net_manager - INFO - ϵͳϢɹݣֻµ5¼
2025-10-04 19:31:50,263 - net_manager - INFO - ϵͳϢɹݣֻµ5¼
2025-10-04 19:31:50,270 - net_manager - INFO - ϵͳϢɹݣֻµ5¼
2025-10-04 19:31:50,277 - net_manager - INFO - ϵͳϢɹݣֻµ5¼
2025-10-04 19:31:50,284 - net_manager - INFO - ϵͳϢɹݣֻµ5¼
2025-10-04 19:31:50,291 - net_manager - INFO - ϵͳϢɹݣֻµ5¼
2025-10-04 19:31:50,298 - net_manager - INFO - ϵͳϢɹݣֻµ5¼
2025-10-04 19:31:50,305 - net_manager - INFO - ϵͳϢɹݣֻµ5¼
2025-10-04 19:31:50,305 - net_manager - INFO - ɹȡϵͳϢ 5 ¼
2025-10-04 19:32:34,647 - net_manager - INFO - ݿʼɹ
2025-10-04 19:32:34,648 - net_manager - INFO - ݿѰprocessesֶΣǨ
2025-10-04 19:32:34,648 - net_manager - INFO - ɹȡϵͳϢ 5 ¼
2025-10-04 19:33:12,881 - net_manager - INFO - ݿʼɹ
2025-10-04 19:33:12,881 - net_manager - INFO - ݿѰprocessesֶΣǨ
2025-10-04 19:33:12,889 - net_manager - INFO - ϵͳϢɹݣֻµ5¼
2025-10-04 19:33:12,896 - net_manager - INFO - ϵͳϢɹݣֻµ5¼
2025-10-04 19:33:12,903 - net_manager - INFO - ϵͳϢɹݣֻµ5¼
2025-10-04 19:33:12,910 - net_manager - INFO - ϵͳϢɹݣֻµ5¼
2025-10-04 19:33:12,917 - net_manager - INFO - ϵͳϢɹݣֻµ5¼
2025-10-04 19:33:12,923 - net_manager - INFO - ϵͳϢɹݣֻµ5¼
2025-10-04 19:33:12,931 - net_manager - INFO - ϵͳϢɹݣֻµ5¼
2025-10-04 19:33:12,938 - net_manager - INFO - ϵͳϢɹݣֻµ5¼
2025-10-04 19:33:13,280 - net_manager - INFO - ϵͳϢɹݣֻµ5¼
2025-10-04 19:33:13,288 - net_manager - INFO - ϵͳϢɹݣֻµ5¼
2025-10-04 19:33:13,288 - net_manager - INFO - ɹȡϵͳϢ 5 ¼
2025-10-04 19:33:37,721 - net_manager - INFO - ݿʼɹ
2025-10-04 19:33:37,722 - net_manager - INFO - ݿѰprocessesֶΣǨ
2025-10-04 19:33:37,722 - net_manager - INFO - ɹȡϵͳϢ 5 ¼
2025-10-04 19:33:53,362 - net_manager - INFO - ݿʼɹ
2025-10-04 19:33:53,363 - net_manager - INFO - ݿѰprocessesֶΣǨ
2025-10-04 19:33:53,369 - net_manager - INFO - ϵͳϢɹݣֻµ5¼
2025-10-04 19:33:53,377 - net_manager - INFO - ϵͳϢɹݣֻµ5¼
2025-10-04 19:33:53,384 - net_manager - INFO - ϵͳϢɹݣֻµ5¼
2025-10-04 19:33:53,391 - net_manager - INFO - ϵͳϢɹݣֻµ5¼
2025-10-04 19:33:53,398 - net_manager - INFO - ϵͳϢɹݣֻµ5¼
2025-10-04 19:33:53,406 - net_manager - INFO - ϵͳϢɹݣֻµ5¼
2025-10-04 19:33:53,411 - net_manager - INFO - ϵͳϢɹݣֻµ5¼
2025-10-04 19:33:53,418 - net_manager - INFO - ϵͳϢɹݣֻµ5¼
2025-10-04 19:33:53,426 - net_manager - INFO - ϵͳϢɹݣֻµ5¼
2025-10-04 19:33:53,432 - net_manager - INFO - ϵͳϢɹݣֻµ5¼
2025-10-04 19:33:53,433 - net_manager - INFO - ɹȡϵͳϢ 5 ¼
2025-10-04 19:37:37,998 - net_manager - INFO - Net Manager ...
2025-10-04 19:37:37,999 - net_manager - INFO - ݿʼɹ
2025-10-04 19:37:37,999 - net_manager - INFO - ݿѰprocessesֶΣǨ
2025-10-04 19:37:38,000 - net_manager - INFO - UDPʼɣʹù㲥ģʽݵ˿: 12306
2025-10-04 19:37:38,000 - net_manager - INFO - ʼռϵͳϢ...
2025-10-04 19:37:38,000 - net_manager - INFO - ɹȡ: Jungle-Desktop
2025-10-04 19:37:38,000 - net_manager - INFO - ɹȡIPַ: 192.168.31.249
2025-10-04 19:37:38,000 - net_manager - INFO - ɹȡMACַ: 65:96:58:60:82:0b
2025-10-04 19:37:38,002 - net_manager - INFO - ɹȡϢ 153 
2025-10-04 19:37:38,795 - net_manager - INFO - ɹȡϢ 307 
2025-10-04 19:37:38,803 - net_manager - INFO - ϵͳϢɹݣֻµ5¼
2025-10-04 19:37:38,804 - net_manager - INFO - ϵͳϢѱ浽ݿ
2025-10-04 19:37:38,804 - net_manager - INFO - ͨ㲥͵˿ 12306
2025-10-04 19:37:38,804 - net_manager - INFO - ȴ 30 ´ռ...
2025-10-04 19:38:08,805 - net_manager - INFO - ʼռϵͳϢ...
2025-10-04 19:38:08,805 - net_manager - INFO - ɹȡ: Jungle-Desktop
2025-10-04 19:38:08,805 - net_manager - INFO - ɹȡIPַ: 192.168.31.249
2025-10-04 19:38:08,805 - net_manager - INFO - ɹȡMACַ: 65:96:58:60:82:0b
2025-10-04 19:38:08,807 - net_manager - INFO - ɹȡϢ 158 
2025-10-04 19:38:09,408 - net_manager - INFO - ɹȡϢ 307 
2025-10-04 19:38:09,416 - net_manager - INFO - ϵͳϢɹݣֻµ5¼
2025-10-04 19:38:09,416 - net_manager - INFO - ϵͳϢѱ浽ݿ
2025-10-04 19:38:09,417 - net_manager - INFO - ͨ㲥͵˿ 12306
2025-10-04 19:38:09,417 - net_manager - INFO - ȴ 30 ´ռ...
2025-10-04 19:38:39,417 - net_manager - INFO - ʼռϵͳϢ...
2025-10-04 19:38:39,418 - net_manager - INFO - ɹȡ: Jungle-Desktop
2025-10-04 19:38:39,418 - net_manager - INFO - ɹȡIPַ: 192.168.31.249
2025-10-04 19:38:39,418 - net_manager - INFO - ɹȡMACַ: 65:96:58:60:82:0b
2025-10-04 19:38:39,420 - net_manager - INFO - ɹȡϢ 154 
2025-10-04 19:38:40,016 - net_manager - INFO - ɹȡϢ 307 
2025-10-04 19:38:40,026 - net_manager - INFO - ϵͳϢɹݣֻµ5¼
2025-10-04 19:38:40,026 - net_manager - INFO - ϵͳϢѱ浽ݿ
2025-10-04 19:38:40,027 - net_manager - INFO - ͨ㲥͵˿ 12306
2025-10-04 19:38:40,027 - net_manager - INFO - ȴ 30 ´ռ...
2025-10-04 19:39:10,027 - net_manager - INFO - ʼռϵͳϢ...
2025-10-04 19:39:10,028 - net_manager - INFO - ɹȡ: Jungle-Desktop
2025-10-04 19:39:10,028 - net_manager - INFO - ɹȡIPַ: 192.168.31.249
2025-10-04 19:39:10,028 - net_manager - INFO - ɹȡMACַ: 65:96:58:60:82:0b
2025-10-04 19:39:10,030 - net_manager - INFO - ɹȡϢ 154 
2025-10-04 19:39:10,655 - net_manager - INFO - ɹȡϢ 308 
2025-10-04 19:39:10,664 - net_manager - INFO - ϵͳϢɹݣֻµ5¼
2025-10-04 19:39:10,665 - net_manager - INFO - ϵͳϢѱ浽ݿ
2025-10-04 19:39:10,665 - net_manager - INFO - ͨ㲥͵˿ 12306
2025-10-04 19:39:10,665 - net_manager - INFO - ȴ 30 ´ռ...
2025-10-04 19:39:40,666 - net_manager - INFO - ʼռϵͳϢ...
2025-10-04 19:39:40,666 - net_manager - INFO - ɹȡ: Jungle-Desktop
2025-10-04 19:39:40,666 - net_manager - INFO - ɹȡIPַ: 192.168.31.249
2025-10-04 19:39:40,666 - net_manager - INFO - ɹȡMACַ: 65:96:58:60:82:0b
2025-10-04 19:39:40,668 - net_manager - INFO - ɹȡϢ 154 
2025-10-04 19:39:41,259 - net_manager - INFO - ɹȡϢ 307 
2025-10-04 19:39:41,269 - net_manager - INFO - ϵͳϢɹݣֻµ5¼
2025-10-04 19:39:41,269 - net_manager - INFO - ϵͳϢѱ浽ݿ
2025-10-04 19:39:41,269 - net_manager - INFO - ͨ㲥͵˿ 12306
2025-10-04 19:39:41,270 - net_manager - INFO - ȴ 30 ´ռ...
2025-10-04 19:40:11,270 - net_manager - INFO - ʼռϵͳϢ...
2025-10-04 19:40:11,271 - net_manager - INFO - ɹȡ: Jungle-Desktop
2025-10-04 19:40:11,271 - net_manager - INFO - ɹȡIPַ: 192.168.31.249
2025-10-04 19:40:11,271 - net_manager - INFO - ɹȡMACַ: 65:96:58:60:82:0b
2025-10-04 19:40:11,273 - net_manager - INFO - ɹȡϢ 158 
2025-10-04 19:40:11,861 - net_manager - INFO - ɹȡϢ 306 
2025-10-04 19:40:11,870 - net_manager - INFO - ϵͳϢɹݣֻµ5¼
2025-10-04 19:40:11,870 - net_manager - INFO - ϵͳϢѱ浽ݿ
2025-10-04 19:40:11,870 - net_manager - INFO - ͨ㲥͵˿ 12306
2025-10-04 19:40:11,870 - net_manager - INFO - ȴ 30 ´ռ...
2025-10-04 19:40:41,871 - net_manager - INFO - ʼռϵͳϢ...
2025-10-04 19:40:41,871 - net_manager - INFO - ɹȡ: Jungle-Desktop
2025-10-04 19:40:41,871 - net_manager - INFO - ɹȡIPַ: 192.168.31.249
2025-10-04 19:40:41,871 - net_manager - INFO - ɹȡMACַ: 65:96:58:60:82:0b
2025-10-04 19:40:41,873 - net_manager - INFO - ɹȡϢ 158 
2025-10-04 19:40:42,463 - net_manager - INFO - ɹȡϢ 306 
2025-10-04 19:40:42,471 - net_manager - INFO - ϵͳϢɹݣֻµ5¼
2025-10-04 19:40:42,472 - net_manager - INFO - ϵͳϢѱ浽ݿ
2025-10-04 19:40:42,472 - net_manager - INFO - ͨ㲥͵˿ 12306
2025-10-04 19:40:42,472 - net_manager - INFO - ȴ 30 ´ռ...
2025-10-04 19:41:12,473 - net_manager - INFO - ʼռϵͳϢ...
2025-10-04 19:41:12,473 - net_manager - INFO - ɹȡ: Jungle-Desktop
2025-10-04 19:41:12,473 - net_manager - INFO - ɹȡIPַ: 192.168.31.249
2025-10-04 19:41:12,473 - net_manager - INFO - ɹȡMACַ: 65:96:58:60:82:0b
2025-10-04 19:41:12,475 - net_manager - INFO - ɹȡϢ 156 
2025-10-04 19:41:13,060 - net_manager - INFO - ɹȡϢ 306 
2025-10-04 19:41:13,068 - net_manager - INFO - ϵͳϢɹݣֻµ5¼
2025-10-04 19:41:13,068 - net_manager - INFO - ϵͳϢѱ浽ݿ
2025-10-04 19:41:13,069 - net_manager - INFO - ͨ㲥͵˿ 12306
2025-10-04 19:41:13,069 - net_manager - INFO - ȴ 30 ´ռ...
